{"/home/travis/build/npmtest/node-npmtest-officegen-2/test.js":{"path":"/home/travis/build/npmtest/node-npmtest-officegen-2/test.js","s":{"1":2,"2":2,"3":2,"4":2,"5":2,"6":2,"7":2,"8":1,"9":2,"10":2,"11":1,"12":1,"13":1,"14":1,"15":2,"16":2,"17":2,"18":2,"19":1,"20":1,"21":2,"22":2,"23":2,"24":1,"25":1,"26":1,"27":1,"28":1,"29":1,"30":1,"31":1,"32":1,"33":1,"34":1,"35":1,"36":1,"37":1,"38":1,"39":2,"40":2,"41":1,"42":2,"43":2,"44":1,"45":2,"46":2,"47":1,"48":2,"49":2,"50":1,"51":1,"52":1,"53":1,"54":1},"b":{"1":[2,1,1,1],"2":[1,1,1,1],"3":[1,1],"4":[1,1],"5":[1,1],"6":[1,1],"7":[1,1],"8":[1,1],"9":[1,1],"10":[1,1,1],"11":[1,1],"12":[1,1],"13":[1,1],"14":[1,1],"15":[1,1],"16":[1,1],"17":[1,1]},"f":{"1":2,"2":2,"3":2,"4":2,"5":2,"6":1,"7":1,"8":1,"9":2,"10":2,"11":2,"12":2,"13":1},"fnMap":{"1":{"name":"(anonymous_1)","line":12,"loc":{"start":{"line":12,"column":1},"end":{"line":12,"column":13}}},"2":{"name":"(anonymous_2)","line":19,"loc":{"start":{"line":19,"column":5},"end":{"line":19,"column":17}}},"3":{"name":"(anonymous_3)","line":23,"loc":{"start":{"line":23,"column":24},"end":{"line":23,"column":36}}},"4":{"name":"(anonymous_4)","line":61,"loc":{"start":{"line":61,"column":5},"end":{"line":61,"column":17}}},"5":{"name":"(anonymous_5)","line":82,"loc":{"start":{"line":82,"column":5},"end":{"line":82,"column":17}}},"6":{"name":"(anonymous_6)","line":91,"loc":{"start":{"line":91,"column":77},"end":{"line":94,"column":10}}},"7":{"name":"(anonymous_7)","line":112,"loc":{"start":{"line":112,"column":83},"end":{"line":115,"column":10}},"skip":true},"8":{"name":"(anonymous_8)","line":123,"loc":{"start":{"line":123,"column":77},"end":{"line":126,"column":10}},"skip":true},"9":{"name":"(anonymous_9)","line":139,"loc":{"start":{"line":139,"column":12},"end":{"line":139,"column":40}},"skip":true},"10":{"name":"(anonymous_10)","line":147,"loc":{"start":{"line":147,"column":77},"end":{"line":150,"column":10}},"skip":true},"11":{"name":"(anonymous_11)","line":158,"loc":{"start":{"line":158,"column":83},"end":{"line":161,"column":10}},"skip":true},"12":{"name":"(anonymous_12)","line":169,"loc":{"start":{"line":169,"column":79},"end":{"line":172,"column":10}},"skip":true},"13":{"name":"(anonymous_13)","line":180,"loc":{"start":{"line":180,"column":75},"end":{"line":183,"column":10}},"skip":true}},"statementMap":{"1":{"start":{"line":12,"column":0},"end":{"line":195,"column":5}},"2":{"start":{"line":14,"column":4},"end":{"line":14,"column":14}},"3":{"start":{"line":19,"column":4},"end":{"line":56,"column":9}},"4":{"start":{"line":21,"column":8},"end":{"line":21,"column":19}},"5":{"start":{"line":23,"column":8},"end":{"line":35,"column":13}},"6":{"start":{"line":24,"column":12},"end":{"line":34,"column":13}},"7":{"start":{"line":25,"column":16},"end":{"line":28,"column":30}},"8":{"start":{"line":30,"column":16},"end":{"line":33,"column":27}},"9":{"start":{"line":37,"column":8},"end":{"line":39,"column":21}},"10":{"start":{"line":40,"column":8},"end":{"line":53,"column":9}},"11":{"start":{"line":43,"column":12},"end":{"line":46,"column":14}},"12":{"start":{"line":47,"column":12},"end":{"line":47,"column":18}},"13":{"start":{"line":50,"column":12},"end":{"line":51,"column":33}},"14":{"start":{"line":52,"column":12},"end":{"line":52,"column":18}},"15":{"start":{"line":55,"column":8},"end":{"line":55,"column":35}},"16":{"start":{"line":61,"column":4},"end":{"line":63,"column":9}},"17":{"start":{"line":62,"column":8},"end":{"line":62,"column":15}},"18":{"start":{"line":64,"column":4},"end":{"line":77,"column":5}},"19":{"start":{"line":70,"column":8},"end":{"line":70,"column":14}},"20":{"start":{"line":76,"column":8},"end":{"line":76,"column":14}},"21":{"start":{"line":82,"column":4},"end":{"line":84,"column":9}},"22":{"start":{"line":83,"column":8},"end":{"line":83,"column":15}},"23":{"start":{"line":85,"column":4},"end":{"line":194,"column":5}},"24":{"start":{"line":91,"column":8},"end":{"line":99,"column":10}},"25":{"start":{"line":98,"column":12},"end":{"line":98,"column":35}},"26":{"start":{"line":102,"column":8},"end":{"line":104,"column":63}},"27":{"start":{"line":105,"column":8},"end":{"line":105,"column":14}},"28":{"start":{"line":112,"column":8},"end":{"line":121,"column":10},"skip":true},"29":{"start":{"line":119,"column":12},"end":{"line":119,"column":55},"skip":true},"30":{"start":{"line":120,"column":12},"end":{"line":120,"column":48},"skip":true},"31":{"start":{"line":123,"column":8},"end":{"line":136,"column":10},"skip":true},"32":{"start":{"line":130,"column":12},"end":{"line":130,"column":76},"skip":true},"33":{"start":{"line":131,"column":12},"end":{"line":131,"column":73},"skip":true},"34":{"start":{"line":132,"column":12},"end":{"line":132,"column":74},"skip":true},"35":{"start":{"line":133,"column":12},"end":{"line":133,"column":79},"skip":true},"36":{"start":{"line":134,"column":12},"end":{"line":134,"column":25},"skip":true},"37":{"start":{"line":135,"column":12},"end":{"line":135,"column":45},"skip":true},"38":{"start":{"line":138,"column":8},"end":{"line":145,"column":14},"skip":true},"39":{"start":{"line":143,"column":16},"end":{"line":143,"column":29},"skip":true},"40":{"start":{"line":144,"column":16},"end":{"line":144,"column":55},"skip":true},"41":{"start":{"line":147,"column":8},"end":{"line":156,"column":10},"skip":true},"42":{"start":{"line":154,"column":12},"end":{"line":154,"column":25},"skip":true},"43":{"start":{"line":155,"column":12},"end":{"line":155,"column":45},"skip":true},"44":{"start":{"line":158,"column":8},"end":{"line":167,"column":10},"skip":true},"45":{"start":{"line":165,"column":12},"end":{"line":165,"column":25},"skip":true},"46":{"start":{"line":166,"column":12},"end":{"line":166,"column":48},"skip":true},"47":{"start":{"line":169,"column":8},"end":{"line":178,"column":10},"skip":true},"48":{"start":{"line":176,"column":12},"end":{"line":176,"column":25},"skip":true},"49":{"start":{"line":177,"column":12},"end":{"line":177,"column":46},"skip":true},"50":{"start":{"line":180,"column":8},"end":{"line":189,"column":10},"skip":true},"51":{"start":{"line":187,"column":12},"end":{"line":187,"column":94},"skip":true},"52":{"start":{"line":188,"column":12},"end":{"line":188,"column":48},"skip":true},"53":{"start":{"line":192,"column":8},"end":{"line":192,"column":35},"skip":true},"54":{"start":{"line":193,"column":8},"end":{"line":193,"column":14},"skip":true}},"branchMap":{"1":{"line":25,"type":"binary-expr","locations":[{"start":{"line":25,"column":23},"end":{"line":25,"column":62}},{"start":{"line":26,"column":20},"end":{"line":26,"column":70}},{"start":{"line":27,"column":20},"end":{"line":27,"column":71}},{"start":{"line":28,"column":20},"end":{"line":28,"column":29}}]},"2":{"line":30,"type":"binary-expr","locations":[{"start":{"line":30,"column":23},"end":{"line":30,"column":37}},{"start":{"line":31,"column":20},"end":{"line":31,"column":61}},{"start":{"line":32,"column":20},"end":{"line":32,"column":70}},{"start":{"line":33,"column":20},"end":{"line":33,"column":26}}]},"3":{"line":37,"type":"cond-expr","locations":[{"start":{"line":38,"column":14},"end":{"line":38,"column":20}},{"start":{"line":39,"column":14},"end":{"line":39,"column":20}}]},"4":{"line":40,"type":"switch","locations":[{"start":{"line":42,"column":8},"end":{"line":47,"column":18}},{"start":{"line":49,"column":8},"end":{"line":52,"column":18}}]},"5":{"line":44,"type":"binary-expr","locations":[{"start":{"line":44,"column":16},"end":{"line":44,"column":44}},{"start":{"line":44,"column":48},"end":{"line":44,"column":66}}]},"6":{"line":50,"type":"binary-expr","locations":[{"start":{"line":50,"column":21},"end":{"line":50,"column":49}},{"start":{"line":50,"column":53},"end":{"line":50,"column":72}}]},"7":{"line":64,"type":"switch","locations":[{"start":{"line":69,"column":4},"end":{"line":70,"column":14}},{"start":{"line":75,"column":4},"end":{"line":76,"column":14}}]},"8":{"line":85,"type":"switch","locations":[{"start":{"line":90,"column":4},"end":{"line":105,"column":14}},{"start":{"line":111,"column":4},"end":{"line":193,"column":14},"skip":true}]},"9":{"line":91,"type":"binary-expr","locations":[{"start":{"line":91,"column":42},"end":{"line":91,"column":73}},{"start":{"line":91,"column":77},"end":{"line":99,"column":9}}]},"10":{"line":102,"type":"binary-expr","locations":[{"start":{"line":102,"column":18},"end":{"line":102,"column":32}},{"start":{"line":103,"column":12},"end":{"line":103,"column":53}},{"start":{"line":104,"column":12},"end":{"line":104,"column":61}}]},"11":{"line":112,"type":"binary-expr","locations":[{"start":{"line":112,"column":45},"end":{"line":112,"column":79},"skip":true},{"start":{"line":112,"column":83},"end":{"line":121,"column":9},"skip":true}]},"12":{"line":123,"type":"binary-expr","locations":[{"start":{"line":123,"column":42},"end":{"line":123,"column":73},"skip":true},{"start":{"line":123,"column":77},"end":{"line":136,"column":9},"skip":true}]},"13":{"line":138,"type":"binary-expr","locations":[{"start":{"line":138,"column":48},"end":{"line":138,"column":85},"skip":true},{"start":{"line":139,"column":12},"end":{"line":145,"column":13},"skip":true}]},"14":{"line":147,"type":"binary-expr","locations":[{"start":{"line":147,"column":42},"end":{"line":147,"column":73},"skip":true},{"start":{"line":147,"column":77},"end":{"line":156,"column":9},"skip":true}]},"15":{"line":158,"type":"binary-expr","locations":[{"start":{"line":158,"column":45},"end":{"line":158,"column":79},"skip":true},{"start":{"line":158,"column":83},"end":{"line":167,"column":9},"skip":true}]},"16":{"line":169,"type":"binary-expr","locations":[{"start":{"line":169,"column":43},"end":{"line":169,"column":75},"skip":true},{"start":{"line":169,"column":79},"end":{"line":178,"column":9},"skip":true}]},"17":{"line":180,"type":"binary-expr","locations":[{"start":{"line":180,"column":41},"end":{"line":180,"column":71},"skip":true},{"start":{"line":180,"column":75},"end":{"line":189,"column":9},"skip":true}]}},"code":["/* istanbul instrument in package npmtest_officegen_2 */","/*jslint","    bitwise: true,","    browser: true,","    maxerr: 8,","    maxlen: 96,","    node: true,","    nomen: true,","    regexp: true,","    stupid: true","*/","(function () {","    'use strict';","    var local;","","","","    // run shared js-env code - init-before","    (function () {","        // init local","        local = {};","        // init modeJs","        local.modeJs = (function () {","            try {","                return typeof navigator.userAgent === 'string' &&","                    typeof document.querySelector('body') === 'object' &&","                    typeof XMLHttpRequest.prototype.open === 'function' &&","                    'browser';","            } catch (errorCaughtBrowser) {","                return module.exports &&","                    typeof process.versions.node === 'string' &&","                    typeof require('http').createServer === 'function' &&","                    'node';","            }","        }());","        // init global","        local.global = local.modeJs === 'browser'","            ? window","            : global;","        switch (local.modeJs) {","        // re-init local from window.local","        case 'browser':","            local = local.global.utility2.objectSetDefault(","                local.global.utility2_rollup || local.global.local,","                local.global.utility2","            );","            break;","        // re-init local from example.js","        case 'node':","            local = (local.global.utility2_rollup || require('utility2'))","                .requireReadme();","            break;","        }","        // export local","        local.global.local = local;","    }());","","","","    // run shared js-env code - function","    (function () {","        return;","    }());","    switch (local.modeJs) {","","","","    // run browser js-env code - function","    case 'browser':","        break;","","","","    // run node js-env code - function","    case 'node':","        break;","    }","","","","    // run shared js-env code - init-after","    (function () {","        return;","    }());","    switch (local.modeJs) {","","","","    // run browser js-env code - init-after","    case 'browser':","        local.testCase_browser_nullCase = local.testCase_browser_nullCase || function (","            options,","            onError","        ) {","        /*","         * this function will test browsers's null-case handling-behavior-behavior","         */","            onError(null, options);","        };","","        // run tests","        local.nop(local.modeTest &&","            document.querySelector('#testRunButton1') &&","            document.querySelector('#testRunButton1').click());","        break;","","","","    // run node js-env code - init-after","    /* istanbul ignore next */","    case 'node':","        local.testCase_buildApidoc_default = local.testCase_buildApidoc_default || function (","            options,","            onError","        ) {","        /*","         * this function will test buildApidoc's default handling-behavior-behavior","         */","            options = { modulePathList: module.paths };","            local.buildApidoc(options, onError);","        };","","        local.testCase_buildApp_default = local.testCase_buildApp_default || function (","            options,","            onError","        ) {","        /*","         * this function will test buildApp's default handling-behavior-behavior","         */","            local.testCase_buildReadme_default(options, local.onErrorThrow);","            local.testCase_buildLib_default(options, local.onErrorThrow);","            local.testCase_buildTest_default(options, local.onErrorThrow);","            local.testCase_buildCustomOrg_default(options, local.onErrorThrow);","            options = [];","            local.buildApp(options, onError);","        };","","        local.testCase_buildCustomOrg_default = local.testCase_buildCustomOrg_default ||","            function (options, onError) {","            /*","             * this function will test buildCustomOrg's default handling-behavior","             */","                options = {};","                local.buildCustomOrg(options, onError);","            };","","        local.testCase_buildLib_default = local.testCase_buildLib_default || function (","            options,","            onError","        ) {","        /*","         * this function will test buildLib's default handling-behavior","         */","            options = {};","            local.buildLib(options, onError);","        };","","        local.testCase_buildReadme_default = local.testCase_buildReadme_default || function (","            options,","            onError","        ) {","        /*","         * this function will test buildReadme's default handling-behavior-behavior","         */","            options = {};","            local.buildReadme(options, onError);","        };","","        local.testCase_buildTest_default = local.testCase_buildTest_default || function (","            options,","            onError","        ) {","        /*","         * this function will test buildTest's default handling-behavior","         */","            options = {};","            local.buildTest(options, onError);","        };","","        local.testCase_webpage_default = local.testCase_webpage_default || function (","            options,","            onError","        ) {","        /*","         * this function will test webpage's default handling-behavior","         */","            options = { modeCoverageMerge: true, url: local.serverLocalHost + '?modeTest=1' };","            local.browserTest(options, onError);","        };","","        // run test-server","        local.testRunServer(local);","        break;","    }","}());",""],"l":{"12":2,"14":2,"19":2,"21":2,"23":2,"24":2,"25":2,"30":1,"37":2,"40":2,"43":1,"47":1,"50":1,"52":1,"55":2,"61":2,"62":2,"64":2,"70":1,"76":1,"82":2,"83":2,"85":2,"91":1,"98":1,"102":1,"105":1,"112":1,"119":1,"120":1,"123":1,"130":1,"131":1,"132":1,"133":1,"134":1,"135":1,"138":1,"143":2,"144":2,"147":1,"154":2,"155":2,"158":1,"165":2,"166":2,"169":1,"176":2,"177":2,"180":1,"187":1,"188":1,"192":1,"193":1}},"/home/travis/build/npmtest/node-npmtest-officegen-2/lib.npmtest_officegen_2.js":{"path":"/home/travis/build/npmtest/node-npmtest-officegen-2/lib.npmtest_officegen_2.js","s":{"1":2,"2":2,"3":2,"4":2,"5":2,"6":2,"7":2,"8":1,"9":2,"10":2,"11":2,"12":2,"13":1,"14":1,"15":1,"16":1},"b":{"1":[2,1,1,1],"2":[1,1,1,1],"3":[1,1],"4":[2,2],"5":[1,1]},"f":{"1":2,"2":2,"3":2},"fnMap":{"1":{"name":"(anonymous_1)","line":12,"loc":{"start":{"line":12,"column":1},"end":{"line":12,"column":13}}},"2":{"name":"(anonymous_2)","line":19,"loc":{"start":{"line":19,"column":5},"end":{"line":19,"column":17}}},"3":{"name":"(anonymous_3)","line":23,"loc":{"start":{"line":23,"column":24},"end":{"line":23,"column":36}}}},"statementMap":{"1":{"start":{"line":12,"column":0},"end":{"line":53,"column":5}},"2":{"start":{"line":14,"column":4},"end":{"line":14,"column":14}},"3":{"start":{"line":19,"column":4},"end":{"line":52,"column":9}},"4":{"start":{"line":21,"column":8},"end":{"line":21,"column":19}},"5":{"start":{"line":23,"column":8},"end":{"line":35,"column":13}},"6":{"start":{"line":24,"column":12},"end":{"line":34,"column":13}},"7":{"start":{"line":25,"column":16},"end":{"line":28,"column":30}},"8":{"start":{"line":30,"column":16},"end":{"line":33,"column":27}},"9":{"start":{"line":37,"column":8},"end":{"line":39,"column":21}},"10":{"start":{"line":41,"column":8},"end":{"line":41,"column":54}},"11":{"start":{"line":43,"column":8},"end":{"line":43,"column":56}},"12":{"start":{"line":45,"column":8},"end":{"line":51,"column":9}},"13":{"start":{"line":46,"column":12},"end":{"line":46,"column":62}},"14":{"start":{"line":48,"column":12},"end":{"line":48,"column":35}},"15":{"start":{"line":49,"column":12},"end":{"line":49,"column":49}},"16":{"start":{"line":50,"column":12},"end":{"line":50,"column":43}}},"branchMap":{"1":{"line":25,"type":"binary-expr","locations":[{"start":{"line":25,"column":23},"end":{"line":25,"column":62}},{"start":{"line":26,"column":20},"end":{"line":26,"column":70}},{"start":{"line":27,"column":20},"end":{"line":27,"column":71}},{"start":{"line":28,"column":20},"end":{"line":28,"column":29}}]},"2":{"line":30,"type":"binary-expr","locations":[{"start":{"line":30,"column":23},"end":{"line":30,"column":37}},{"start":{"line":31,"column":20},"end":{"line":31,"column":61}},{"start":{"line":32,"column":20},"end":{"line":32,"column":70}},{"start":{"line":33,"column":20},"end":{"line":33,"column":26}}]},"3":{"line":37,"type":"cond-expr","locations":[{"start":{"line":38,"column":14},"end":{"line":38,"column":20}},{"start":{"line":39,"column":14},"end":{"line":39,"column":20}}]},"4":{"line":41,"type":"binary-expr","locations":[{"start":{"line":41,"column":16},"end":{"line":41,"column":44}},{"start":{"line":41,"column":48},"end":{"line":41,"column":53}}]},"5":{"line":45,"type":"if","locations":[{"start":{"line":45,"column":8},"end":{"line":45,"column":8}},{"start":{"line":45,"column":8},"end":{"line":45,"column":8}}]}},"code":["/* istanbul instrument in package npmtest_officegen_2 */","/*jslint","    bitwise: true,","    browser: true,","    maxerr: 8,","    maxlen: 96,","    node: true,","    nomen: true,","    regexp: true,","    stupid: true","*/","(function () {","    'use strict';","    var local;","","","","    // run shared js-env code - init-before","    (function () {","        // init local","        local = {};","        // init modeJs","        local.modeJs = (function () {","            try {","                return typeof navigator.userAgent === 'string' &&","                    typeof document.querySelector('body') === 'object' &&","                    typeof XMLHttpRequest.prototype.open === 'function' &&","                    'browser';","            } catch (errorCaughtBrowser) {","                return module.exports &&","                    typeof process.versions.node === 'string' &&","                    typeof require('http').createServer === 'function' &&","                    'node';","            }","        }());","        // init global","        local.global = local.modeJs === 'browser'","            ? window","            : global;","        // init utility2_rollup","        local = local.global.utility2_rollup || local;","        // init lib","        local.local = local.npmtest_officegen_2 = local;","        // init exports","        if (local.modeJs === 'browser') {","            local.global.utility2_npmtest_officegen_2 = local;","        } else {","            module.exports = local;","            module.exports.__dirname = __dirname;","            module.exports.module = module;","        }","    }());","}());",""],"l":{"12":2,"14":2,"19":2,"21":2,"23":2,"24":2,"25":2,"30":1,"37":2,"41":2,"43":2,"45":2,"46":1,"48":1,"49":1,"50":1}},"/home/travis/build/npmtest/node-npmtest-officegen-2/example.js":{"path":"/home/travis/build/npmtest/node-npmtest-officegen-2/example.js","s":{"1":2,"2":2,"3":2,"4":2,"5":2,"6":2,"7":2,"8":1,"9":2,"10":2,"11":2,"12":2,"13":1,"14":2,"15":2,"16":2,"17":2,"18":2,"19":0,"20":2,"21":1,"22":1,"23":1,"24":1,"25":1,"26":0,"27":0,"28":1,"29":1,"30":2,"31":0,"32":0,"33":0,"34":1,"35":2,"36":2,"37":3,"38":3,"39":3,"40":3,"41":0,"42":3,"43":3,"44":3,"45":1,"46":3,"47":1,"48":1,"49":1,"50":1,"51":1,"52":1,"53":1,"54":1,"55":1,"56":1,"57":0,"58":1,"59":6,"60":6,"61":1,"62":2,"63":0,"64":2,"65":1,"66":1,"67":0,"68":0,"69":0,"70":0,"71":0,"72":0,"73":0,"74":0,"75":0,"76":0,"77":0,"78":0,"79":0,"80":0,"81":0,"82":0,"83":0},"b":{"1":[2,1,1,1],"2":[1,1,1,1],"3":[1,1],"4":[2,2],"5":[1,1],"6":[1,1],"7":[2,0],"8":[2,1,1,1,1,1],"9":[0,2,0],"10":[1,1],"11":[2,1,1],"12":[1,0],"13":[0,2],"14":[2,0,0,0,0,0,0],"15":[0,3],"16":[3,0],"17":[1,1],"18":[0,1],"19":[1,2,0,2],"20":[1,0],"21":[1,1],"22":[0,0],"23":[0,0],"24":[0,0],"25":[0,0],"26":[0,0],"27":[0,0],"28":[0,0]},"f":{"1":2,"2":2,"3":2,"4":2,"5":2,"6":2,"7":3,"8":3,"9":3,"10":1,"11":6,"12":0},"fnMap":{"1":{"name":"(anonymous_1)","line":26,"loc":{"start":{"line":26,"column":1},"end":{"line":26,"column":13}}},"2":{"name":"(anonymous_2)","line":33,"loc":{"start":{"line":33,"column":5},"end":{"line":33,"column":17}}},"3":{"name":"(anonymous_3)","line":37,"loc":{"start":{"line":37,"column":24},"end":{"line":37,"column":36}}},"4":{"name":"(anonymous_4)","line":69,"loc":{"start":{"line":69,"column":31},"end":{"line":69,"column":48}},"skip":true},"5":{"name":"(anonymous_5)","line":78,"loc":{"start":{"line":78,"column":26},"end":{"line":78,"column":45}},"skip":true},"6":{"name":"(anonymous_6)","line":123,"loc":{"start":{"line":123,"column":33},"end":{"line":123,"column":48}},"skip":true},"7":{"name":"(anonymous_7)","line":125,"loc":{"start":{"line":125,"column":27},"end":{"line":125,"column":39}},"skip":true},"8":{"name":"(anonymous_8)","line":133,"loc":{"start":{"line":133,"column":59},"end":{"line":133,"column":74}},"skip":true},"9":{"name":"(anonymous_9)","line":143,"loc":{"start":{"line":143,"column":45},"end":{"line":143,"column":62}},"skip":true},"10":{"name":"(anonymous_10)","line":144,"loc":{"start":{"line":144,"column":73},"end":{"line":144,"column":92}},"skip":true},"11":{"name":"(anonymous_11)","line":272,"loc":{"start":{"line":272,"column":51},"end":{"line":272,"column":77}},"skip":true},"12":{"name":"(anonymous_12)","line":315,"loc":{"start":{"line":315,"column":32},"end":{"line":315,"column":61}},"skip":true}},"statementMap":{"1":{"start":{"line":26,"column":0},"end":{"line":326,"column":5}},"2":{"start":{"line":28,"column":4},"end":{"line":28,"column":14}},"3":{"start":{"line":33,"column":4},"end":{"line":60,"column":9}},"4":{"start":{"line":35,"column":8},"end":{"line":35,"column":19}},"5":{"start":{"line":37,"column":8},"end":{"line":49,"column":13}},"6":{"start":{"line":38,"column":12},"end":{"line":48,"column":13}},"7":{"start":{"line":39,"column":16},"end":{"line":42,"column":30}},"8":{"start":{"line":44,"column":16},"end":{"line":47,"column":27}},"9":{"start":{"line":51,"column":8},"end":{"line":53,"column":21}},"10":{"start":{"line":55,"column":8},"end":{"line":57,"column":45}},"11":{"start":{"line":59,"column":8},"end":{"line":59,"column":35}},"12":{"start":{"line":61,"column":4},"end":{"line":325,"column":5}},"13":{"start":{"line":69,"column":8},"end":{"line":121,"column":10},"skip":true},"14":{"start":{"line":70,"column":12},"end":{"line":88,"column":13},"skip":true},"15":{"start":{"line":76,"column":16},"end":{"line":87,"column":19},"skip":true},"16":{"start":{"line":79,"column":20},"end":{"line":86,"column":21},"skip":true},"17":{"start":{"line":82,"column":24},"end":{"line":82,"column":43},"skip":true},"18":{"start":{"line":83,"column":24},"end":{"line":83,"column":30},"skip":true},"19":{"start":{"line":85,"column":24},"end":{"line":85,"column":49},"skip":true},"20":{"start":{"line":89,"column":12},"end":{"line":107,"column":13},"skip":true},"21":{"start":{"line":92,"column":16},"end":{"line":102,"column":17},"skip":true},"22":{"start":{"line":93,"column":20},"end":{"line":93,"column":86},"skip":true},"23":{"start":{"line":94,"column":20},"end":{"line":95,"column":45},"skip":true},"24":{"start":{"line":96,"column":20},"end":{"line":96,"column":42},"skip":true},"25":{"start":{"line":97,"column":20},"end":{"line":97,"column":48},"skip":true},"26":{"start":{"line":100,"column":20},"end":{"line":100,"column":85},"skip":true},"27":{"start":{"line":101,"column":20},"end":{"line":101,"column":96},"skip":true},"28":{"start":{"line":103,"column":16},"end":{"line":103,"column":22},"skip":true},"29":{"start":{"line":106,"column":16},"end":{"line":106,"column":22},"skip":true},"30":{"start":{"line":108,"column":12},"end":{"line":120,"column":13},"skip":true},"31":{"start":{"line":114,"column":16},"end":{"line":119,"column":17},"skip":true},"32":{"start":{"line":116,"column":20},"end":{"line":116,"column":78},"skip":true},"33":{"start":{"line":118,"column":20},"end":{"line":118,"column":47},"skip":true},"34":{"start":{"line":123,"column":8},"end":{"line":141,"column":11},"skip":true},"35":{"start":{"line":124,"column":12},"end":{"line":124,"column":54},"skip":true},"36":{"start":{"line":125,"column":12},"end":{"line":140,"column":14},"skip":true},"37":{"start":{"line":126,"column":16},"end":{"line":126,"column":28},"skip":true},"38":{"start":{"line":127,"column":16},"end":{"line":127,"column":69},"skip":true},"39":{"start":{"line":128,"column":16},"end":{"line":128,"column":75},"skip":true},"40":{"start":{"line":129,"column":16},"end":{"line":131,"column":17},"skip":true},"41":{"start":{"line":130,"column":20},"end":{"line":130,"column":27},"skip":true},"42":{"start":{"line":133,"column":16},"end":{"line":137,"column":36},"skip":true},"43":{"start":{"line":134,"column":20},"end":{"line":136,"column":55},"skip":true},"44":{"start":{"line":139,"column":16},"end":{"line":139,"column":57},"skip":true},"45":{"start":{"line":143,"column":8},"end":{"line":147,"column":11},"skip":true},"46":{"start":{"line":144,"column":12},"end":{"line":146,"column":15},"skip":true},"47":{"start":{"line":145,"column":16},"end":{"line":145,"column":70},"skip":true},"48":{"start":{"line":149,"column":8},"end":{"line":149,"column":31},"skip":true},"49":{"start":{"line":150,"column":8},"end":{"line":150,"column":14},"skip":true},"50":{"start":{"line":158,"column":8},"end":{"line":158,"column":31},"skip":true},"51":{"start":{"line":160,"column":8},"end":{"line":160,"column":33},"skip":true},"52":{"start":{"line":161,"column":8},"end":{"line":161,"column":37},"skip":true},"53":{"start":{"line":162,"column":8},"end":{"line":162,"column":35},"skip":true},"54":{"start":{"line":164,"column":8},"end":{"line":164,"column":50},"skip":true},"55":{"start":{"line":166,"column":8},"end":{"line":256,"column":2},"skip":true},"56":{"start":{"line":258,"column":8},"end":{"line":286,"column":9},"skip":true},"57":{"start":{"line":259,"column":12},"end":{"line":269,"column":14},"skip":true},"58":{"start":{"line":271,"column":12},"end":{"line":285,"column":19},"skip":true},"59":{"start":{"line":274,"column":20},"end":{"line":274,"column":35},"skip":true},"60":{"start":{"line":275,"column":20},"end":{"line":284,"column":21},"skip":true},"61":{"start":{"line":277,"column":24},"end":{"line":277,"column":64},"skip":true},"62":{"start":{"line":279,"column":24},"end":{"line":279,"column":40},"skip":true},"63":{"start":{"line":281,"column":24},"end":{"line":281,"column":40},"skip":true},"64":{"start":{"line":283,"column":24},"end":{"line":283,"column":39},"skip":true},"65":{"start":{"line":288,"column":8},"end":{"line":290,"column":9},"skip":true},"66":{"start":{"line":289,"column":12},"end":{"line":289,"column":18},"skip":true},"67":{"start":{"line":291,"column":8},"end":{"line":293,"column":54},"skip":true},"68":{"start":{"line":296,"column":8},"end":{"line":301,"column":37},"skip":true},"69":{"start":{"line":303,"column":8},"end":{"line":303,"column":82},"skip":true},"70":{"start":{"line":306,"column":8},"end":{"line":308,"column":9},"skip":true},"71":{"start":{"line":307,"column":12},"end":{"line":307,"column":82},"skip":true},"72":{"start":{"line":310,"column":8},"end":{"line":312,"column":9},"skip":true},"73":{"start":{"line":311,"column":12},"end":{"line":311,"column":18},"skip":true},"74":{"start":{"line":313,"column":8},"end":{"line":313,"column":54},"skip":true},"75":{"start":{"line":314,"column":8},"end":{"line":314,"column":69},"skip":true},"76":{"start":{"line":315,"column":8},"end":{"line":323,"column":36},"skip":true},"77":{"start":{"line":316,"column":12},"end":{"line":316,"column":61},"skip":true},"78":{"start":{"line":317,"column":12},"end":{"line":320,"column":13},"skip":true},"79":{"start":{"line":318,"column":16},"end":{"line":318,"column":75},"skip":true},"80":{"start":{"line":319,"column":16},"end":{"line":319,"column":23},"skip":true},"81":{"start":{"line":321,"column":12},"end":{"line":321,"column":38},"skip":true},"82":{"start":{"line":322,"column":12},"end":{"line":322,"column":27},"skip":true},"83":{"start":{"line":324,"column":8},"end":{"line":324,"column":14},"skip":true}},"branchMap":{"1":{"line":39,"type":"binary-expr","locations":[{"start":{"line":39,"column":23},"end":{"line":39,"column":62}},{"start":{"line":40,"column":20},"end":{"line":40,"column":70}},{"start":{"line":41,"column":20},"end":{"line":41,"column":71}},{"start":{"line":42,"column":20},"end":{"line":42,"column":29}}]},"2":{"line":44,"type":"binary-expr","locations":[{"start":{"line":44,"column":23},"end":{"line":44,"column":37}},{"start":{"line":45,"column":20},"end":{"line":45,"column":61}},{"start":{"line":46,"column":20},"end":{"line":46,"column":70}},{"start":{"line":47,"column":20},"end":{"line":47,"column":26}}]},"3":{"line":51,"type":"cond-expr","locations":[{"start":{"line":52,"column":14},"end":{"line":52,"column":20}},{"start":{"line":53,"column":14},"end":{"line":53,"column":20}}]},"4":{"line":55,"type":"binary-expr","locations":[{"start":{"line":55,"column":16},"end":{"line":55,"column":44}},{"start":{"line":55,"column":49},"end":{"line":57,"column":43}}]},"5":{"line":55,"type":"cond-expr","locations":[{"start":{"line":56,"column":14},"end":{"line":56,"column":55}},{"start":{"line":57,"column":14},"end":{"line":57,"column":43}}]},"6":{"line":61,"type":"switch","locations":[{"start":{"line":68,"column":4},"end":{"line":150,"column":14},"skip":true},{"start":{"line":156,"column":4},"end":{"line":324,"column":14},"skip":true}]},"7":{"line":70,"type":"if","locations":[{"start":{"line":70,"column":12},"end":{"line":70,"column":12},"skip":true},{"start":{"line":70,"column":12},"end":{"line":70,"column":12},"skip":true}]},"8":{"line":70,"type":"binary-expr","locations":[{"start":{"line":70,"column":16},"end":{"line":70,"column":22},"skip":true},{"start":{"line":70,"column":27},"end":{"line":70,"column":32},"skip":true},{"start":{"line":71,"column":20},"end":{"line":71,"column":39},"skip":true},{"start":{"line":72,"column":20},"end":{"line":72,"column":49},"skip":true},{"start":{"line":73,"column":20},"end":{"line":73,"column":58},"skip":true},{"start":{"line":74,"column":20},"end":{"line":74,"column":69},"skip":true}]},"9":{"line":79,"type":"switch","locations":[{"start":{"line":80,"column":20},"end":{"line":80,"column":33},"skip":true},{"start":{"line":81,"column":20},"end":{"line":83,"column":30},"skip":true},{"start":{"line":84,"column":20},"end":{"line":85,"column":49},"skip":true}]},"10":{"line":89,"type":"switch","locations":[{"start":{"line":90,"column":12},"end":{"line":103,"column":22},"skip":true},{"start":{"line":105,"column":12},"end":{"line":106,"column":22},"skip":true}]},"11":{"line":89,"type":"binary-expr","locations":[{"start":{"line":89,"column":20},"end":{"line":89,"column":25},"skip":true},{"start":{"line":89,"column":29},"end":{"line":89,"column":48},"skip":true},{"start":{"line":89,"column":52},"end":{"line":89,"column":74},"skip":true}]},"12":{"line":92,"type":"if","locations":[{"start":{"line":92,"column":16},"end":{"line":92,"column":16},"skip":true},{"start":{"line":92,"column":16},"end":{"line":92,"column":16},"skip":true}]},"13":{"line":108,"type":"if","locations":[{"start":{"line":108,"column":12},"end":{"line":108,"column":12},"skip":true},{"start":{"line":108,"column":12},"end":{"line":108,"column":12},"skip":true}]},"14":{"line":108,"type":"binary-expr","locations":[{"start":{"line":108,"column":16},"end":{"line":108,"column":61},"skip":true},{"start":{"line":108,"column":66},"end":{"line":108,"column":72},"skip":true},{"start":{"line":108,"column":77},"end":{"line":108,"column":82},"skip":true},{"start":{"line":109,"column":20},"end":{"line":109,"column":39},"skip":true},{"start":{"line":110,"column":20},"end":{"line":110,"column":49},"skip":true},{"start":{"line":111,"column":20},"end":{"line":111,"column":58},"skip":true},{"start":{"line":112,"column":20},"end":{"line":112,"column":68},"skip":true}]},"15":{"line":129,"type":"if","locations":[{"start":{"line":129,"column":16},"end":{"line":129,"column":16},"skip":true},{"start":{"line":129,"column":16},"end":{"line":129,"column":16},"skip":true}]},"16":{"line":134,"type":"cond-expr","locations":[{"start":{"line":135,"column":26},"end":{"line":135,"column":29},"skip":true},{"start":{"line":136,"column":26},"end":{"line":136,"column":54},"skip":true}]},"17":{"line":164,"type":"binary-expr","locations":[{"start":{"line":164,"column":27},"end":{"line":164,"column":43},"skip":true},{"start":{"line":164,"column":47},"end":{"line":164,"column":49},"skip":true}]},"18":{"line":258,"type":"if","locations":[{"start":{"line":258,"column":8},"end":{"line":258,"column":8},"skip":true},{"start":{"line":258,"column":8},"end":{"line":258,"column":8},"skip":true}]},"19":{"line":275,"type":"switch","locations":[{"start":{"line":276,"column":20},"end":{"line":277,"column":64},"skip":true},{"start":{"line":278,"column":20},"end":{"line":279,"column":40},"skip":true},{"start":{"line":280,"column":20},"end":{"line":281,"column":40},"skip":true},{"start":{"line":282,"column":20},"end":{"line":283,"column":39},"skip":true}]},"20":{"line":288,"type":"if","locations":[{"start":{"line":288,"column":8},"end":{"line":288,"column":8},"skip":true},{"start":{"line":288,"column":8},"end":{"line":288,"column":8},"skip":true}]},"21":{"line":288,"type":"binary-expr","locations":[{"start":{"line":288,"column":12},"end":{"line":288,"column":40},"skip":true},{"start":{"line":288,"column":44},"end":{"line":288,"column":67},"skip":true}]},"22":{"line":292,"type":"binary-expr","locations":[{"start":{"line":292,"column":12},"end":{"line":292,"column":50},"skip":true},{"start":{"line":293,"column":12},"end":{"line":293,"column":53},"skip":true}]},"23":{"line":297,"type":"binary-expr","locations":[{"start":{"line":297,"column":12},"end":{"line":297,"column":69},"skip":true},{"start":{"line":298,"column":12},"end":{"line":301,"column":36},"skip":true}]},"24":{"line":303,"type":"binary-expr","locations":[{"start":{"line":303,"column":43},"end":{"line":303,"column":75},"skip":true},{"start":{"line":303,"column":79},"end":{"line":303,"column":81},"skip":true}]},"25":{"line":306,"type":"if","locations":[{"start":{"line":306,"column":8},"end":{"line":306,"column":8},"skip":true},{"start":{"line":306,"column":8},"end":{"line":306,"column":8},"skip":true}]},"26":{"line":310,"type":"if","locations":[{"start":{"line":310,"column":8},"end":{"line":310,"column":8},"skip":true},{"start":{"line":310,"column":8},"end":{"line":310,"column":8},"skip":true}]},"27":{"line":313,"type":"binary-expr","locations":[{"start":{"line":313,"column":27},"end":{"line":313,"column":43},"skip":true},{"start":{"line":313,"column":47},"end":{"line":313,"column":53},"skip":true}]},"28":{"line":317,"type":"if","locations":[{"start":{"line":317,"column":12},"end":{"line":317,"column":12},"skip":true},{"start":{"line":317,"column":12},"end":{"line":317,"column":12},"skip":true}]}},"code":["/*","example.js","","quickstart example","","instruction","    1. save this script as example.js","    2. run the shell command:","        $ npm install npmtest-officegen-2 && PORT=8081 node example.js","    3. play with the browser-demo on http://127.0.0.1:8081","*/","","","","/* istanbul instrument in package npmtest_officegen_2 */","/*jslint","    bitwise: true,","    browser: true,","    maxerr: 8,","    maxlen: 96,","    node: true,","    nomen: true,","    regexp: true,","    stupid: true","*/","(function () {","    'use strict';","    var local;","","","","    // run shared js-env code - init-before","    (function () {","        // init local","        local = {};","        // init modeJs","        local.modeJs = (function () {","            try {","                return typeof navigator.userAgent === 'string' &&","                    typeof document.querySelector('body') === 'object' &&","                    typeof XMLHttpRequest.prototype.open === 'function' &&","                    'browser';","            } catch (errorCaughtBrowser) {","                return module.exports &&","                    typeof process.versions.node === 'string' &&","                    typeof require('http').createServer === 'function' &&","                    'node';","            }","        }());","        // init global","        local.global = local.modeJs === 'browser'","            ? window","            : global;","        // init utility2_rollup","        local = local.global.utility2_rollup || (local.modeJs === 'browser'","            ? local.global.utility2_npmtest_officegen_2","            : global.utility2_moduleExports);","        // export local","        local.global.local = local;","    }());","    switch (local.modeJs) {","","","","    // init-after","    // run browser js-env code - init-after","    /* istanbul ignore next */","    case 'browser':","        local.testRunBrowser = function (event) {","            if (!event || (event &&","                    event.currentTarget &&","                    event.currentTarget.className &&","                    event.currentTarget.className.includes &&","                    event.currentTarget.className.includes('onreset'))) {","                // reset output","                Array.from(","                    document.querySelectorAll('body > .resettable')","                ).forEach(function (element) {","                    switch (element.tagName) {","                    case 'INPUT':","                    case 'TEXTAREA':","                        element.value = '';","                        break;","                    default:","                        element.textContent = '';","                    }","                });","            }","            switch (event && event.currentTarget && event.currentTarget.id) {","            case 'testRunButton1':","                // show tests","                if (document.querySelector('#testReportDiv1').style.display === 'none') {","                    document.querySelector('#testReportDiv1').style.display = 'block';","                    document.querySelector('#testRunButton1').textContent =","                        'hide internal test';","                    local.modeTest = true;","                    local.testRunDefault(local);","                // hide tests","                } else {","                    document.querySelector('#testReportDiv1').style.display = 'none';","                    document.querySelector('#testRunButton1').textContent = 'run internal test';","                }","                break;","            // custom-case","            default:","                break;","            }","            if (document.querySelector('#inputTextareaEval1') && (!event || (event &&","                    event.currentTarget &&","                    event.currentTarget.className &&","                    event.currentTarget.className.includes &&","                    event.currentTarget.className.includes('oneval')))) {","                // try to eval input-code","                try {","                    /*jslint evil: true*/","                    eval(document.querySelector('#inputTextareaEval1').value);","                } catch (errorCaught) {","                    console.error(errorCaught);","                }","            }","        };","        // log stderr and stdout to #outputTextareaStdout1","        ['error', 'log'].forEach(function (key) {","            console[key + '_original'] = console[key];","            console[key] = function () {","                var element;","                console[key + '_original'].apply(console, arguments);","                element = document.querySelector('#outputTextareaStdout1');","                if (!element) {","                    return;","                }","                // append text to #outputTextareaStdout1","                element.value += Array.from(arguments).map(function (arg) {","                    return typeof arg === 'string'","                        ? arg","                        : JSON.stringify(arg, null, 4);","                }).join(' ') + '\\n';","                // scroll textarea to bottom","                element.scrollTop = element.scrollHeight;","            };","        });","        // init event-handling","        ['change', 'click', 'keyup'].forEach(function (event) {","            Array.from(document.querySelectorAll('.on' + event)).forEach(function (element) {","                element.addEventListener(event, local.testRunBrowser);","            });","        });","        // run tests","        local.testRunBrowser();","        break;","","","","    // run node js-env code - init-after","    /* istanbul ignore next */","    case 'node':","        // export local","        module.exports = local;","        // require modules","        local.fs = require('fs');","        local.http = require('http');","        local.url = require('url');","        // init assets","        local.assetsDict = local.assetsDict || {};","        /* jslint-ignore-begin */","        local.assetsDict['/assets.index.template.html'] = '\\","<!doctype html>\\n\\","<html lang=\"en\">\\n\\","<head>\\n\\","<meta charset=\"UTF-8\">\\n\\","<meta name=\"viewport\" content=\"width=device-width, initial-scale=1\">\\n\\","<title>{{env.npm_package_name}} (v{{env.npm_package_version}})</title>\\n\\","<style>\\n\\","/*csslint\\n\\","    box-sizing: false,\\n\\","    universal-selector: false\\n\\","*/\\n\\","* {\\n\\","    box-sizing: border-box;\\n\\","}\\n\\","body {\\n\\","    background: #dde;\\n\\","    font-family: Arial, Helvetica, sans-serif;\\n\\","    margin: 2rem;\\n\\","}\\n\\","body > * {\\n\\","    margin-bottom: 1rem;\\n\\","}\\n\\",".utility2FooterDiv {\\n\\","    margin-top: 20px;\\n\\","    text-align: center;\\n\\","}\\n\\","</style>\\n\\","<style>\\n\\","/*csslint\\n\\","*/\\n\\","textarea {\\n\\","    font-family: monospace;\\n\\","    height: 10rem;\\n\\","    width: 100%;\\n\\","}\\n\\","textarea[readonly] {\\n\\","    background: #ddd;\\n\\","}\\n\\","</style>\\n\\","</head>\\n\\","<body>\\n\\","<!-- utility2-comment\\n\\","<div id=\"ajaxProgressDiv1\" style=\"background: #d00; height: 2px; left: 0; margin: 0; padding: 0; position: fixed; top: 0; transition: background 0.5s, width 1.5s; width: 25%;\"></div>\\n\\","utility2-comment -->\\n\\","<h1>\\n\\","<!-- utility2-comment\\n\\","    <a\\n\\","        {{#if env.npm_package_homepage}}\\n\\","        href=\"{{env.npm_package_homepage}}\"\\n\\","        {{/if env.npm_package_homepage}}\\n\\","        target=\"_blank\"\\n\\","    >\\n\\","utility2-comment -->\\n\\","        {{env.npm_package_name}} (v{{env.npm_package_version}})\\n\\","<!-- utility2-comment\\n\\","    </a>\\n\\","utility2-comment -->\\n\\","</h1>\\n\\","<h3>{{env.npm_package_description}}</h3>\\n\\","<!-- utility2-comment\\n\\","<h4><a download href=\"assets.app.js\">download standalone app</a></h4>\\n\\","<button class=\"onclick onreset\" id=\"testRunButton1\">run internal test</button><br>\\n\\","<div id=\"testReportDiv1\" style=\"display: none;\"></div>\\n\\","utility2-comment -->\\n\\","\\n\\","\\n\\","\\n\\","<label>stderr and stdout</label>\\n\\","<textarea class=\"resettable\" id=\"outputTextareaStdout1\" readonly></textarea>\\n\\","<!-- utility2-comment\\n\\","{{#if isRollup}}\\n\\","<script src=\"assets.app.js\"></script>\\n\\","{{#unless isRollup}}\\n\\","utility2-comment -->\\n\\","<script src=\"assets.utility2.rollup.js\"></script>\\n\\","<script src=\"jsonp.utility2._stateInit?callback=window.utility2._stateInit\"></script>\\n\\","<script src=\"assets.npmtest_officegen_2.rollup.js\"></script>\\n\\","<script src=\"assets.example.js\"></script>\\n\\","<script src=\"assets.test.js\"></script>\\n\\","<!-- utility2-comment\\n\\","{{/if isRollup}}\\n\\","utility2-comment -->\\n\\","<div class=\"utility2FooterDiv\">\\n\\","    [ this app was created with\\n\\","    <a href=\"https://github.com/kaizhu256/node-utility2\" target=\"_blank\">utility2</a>\\n\\","    ]\\n\\","</div>\\n\\","</body>\\n\\","</html>\\n\\","';","        /* jslint-ignore-end */","        if (local.templateRender) {","            local.assetsDict['/'] = local.templateRender(","                local.assetsDict['/assets.index.template.html'],","                {","                    env: local.objectSetDefault(local.env, {","                        npm_package_description: 'the greatest app in the world!',","                        npm_package_name: 'my-app',","                        npm_package_nameAlias: 'my_app',","                        npm_package_version: '0.0.1'","                    })","                }","            );","        } else {","            local.assetsDict['/'] = local.assetsDict['/assets.index.template.html']","                .replace((/\\{\\{env\\.(\\w+?)\\}\\}/g), function (match0, match1) {","                    // jslint-hack","                    String(match0);","                    switch (match1) {","                    case 'npm_package_description':","                        return 'the greatest app in the world!';","                    case 'npm_package_name':","                        return 'my-app';","                    case 'npm_package_nameAlias':","                        return 'my_app';","                    case 'npm_package_version':","                        return '0.0.1';","                    }","                });","        }","        // run the cli","        if (local.global.utility2_rollup || module !== require.main) {","            break;","        }","        local.assetsDict['/assets.example.js'] =","            local.assetsDict['/assets.example.js'] ||","            local.fs.readFileSync(__filename, 'utf8');","        // bug-workaround - long $npm_package_buildCustomOrg","        /* jslint-ignore-begin */","        local.assetsDict['/assets.npmtest_officegen_2.rollup.js'] =","            local.assetsDict['/assets.npmtest_officegen_2.rollup.js'] ||","            local.fs.readFileSync(","                local.npmtest_officegen_2.__dirname + '/lib.npmtest_officegen_2.js',","                'utf8'","            ).replace((/^#!/), '//');","        /* jslint-ignore-end */","        local.assetsDict['/favicon.ico'] = local.assetsDict['/favicon.ico'] || '';","        // if $npm_config_timeout_exit exists,","        // then exit this process after $npm_config_timeout_exit ms","        if (Number(process.env.npm_config_timeout_exit)) {","            setTimeout(process.exit, Number(process.env.npm_config_timeout_exit));","        }","        // start server","        if (local.global.utility2_serverHttp1) {","            break;","        }","        process.env.PORT = process.env.PORT || '8081';","        console.error('server starting on port ' + process.env.PORT);","        local.http.createServer(function (request, response) {","            request.urlParsed = local.url.parse(request.url);","            if (local.assetsDict[request.urlParsed.pathname] !== undefined) {","                response.end(local.assetsDict[request.urlParsed.pathname]);","                return;","            }","            response.statusCode = 404;","            response.end();","        }).listen(process.env.PORT);","        break;","    }","}());",""],"l":{"26":2,"28":2,"33":2,"35":2,"37":2,"38":2,"39":2,"44":1,"51":2,"55":2,"59":2,"61":2,"69":1,"70":2,"76":2,"79":2,"82":2,"83":2,"85":1,"89":2,"92":1,"93":1,"94":1,"96":1,"97":1,"100":1,"101":1,"103":1,"106":1,"108":2,"114":1,"116":1,"118":1,"123":1,"124":2,"125":2,"126":3,"127":3,"128":3,"129":3,"130":1,"133":3,"134":3,"139":3,"143":1,"144":3,"145":1,"149":1,"150":1,"158":1,"160":1,"161":1,"162":1,"164":1,"166":1,"258":1,"259":1,"271":1,"274":6,"275":6,"277":1,"279":2,"281":1,"283":2,"288":1,"289":1,"291":1,"296":1,"303":1,"306":1,"307":1,"310":1,"311":1,"313":1,"314":1,"315":1,"316":1,"317":1,"318":1,"319":1,"321":1,"322":1,"324":1}},"/home/travis/build/npmtest/node-npmtest-officegen-2/node_modules/officegen-2/lib/index.js":{"path":"/home/travis/build/npmtest/node-npmtest-officegen-2/node_modules/officegen-2/lib/index.js","s":{"1":1,"2":1,"3":1,"4":1,"5":1,"6":1},"b":{},"f":{},"fnMap":{},"statementMap":{"1":{"start":{"line":31,"column":0},"end":{"line":31,"column":56}},"2":{"start":{"line":33,"column":0},"end":{"line":33,"column":24}},"3":{"start":{"line":34,"column":0},"end":{"line":34,"column":24}},"4":{"start":{"line":35,"column":0},"end":{"line":35,"column":24}},"5":{"start":{"line":37,"column":0},"end":{"line":37,"column":48}},"6":{"start":{"line":39,"column":0},"end":{"line":39,"column":41}}},"branchMap":{},"code":["//","// officegen - generating Office documents","//","// Please refer to README.md for this module's documentations.","//","// NOTE:","// - Before changing this code please refer to the hacking the code section on README.md.","//","// Copyright (c) 2013 Ziv Barber;","//","// Permission is hereby granted, free of charge, to any person obtaining","// a copy of this software and associated documentation files (the","// 'Software'), to deal in the Software without restriction, including","// without limitation the rights to use, copy, modify, merge, publish,","// distribute, sublicense, and/or sell copies of the Software, and to","// permit persons to whom the Software is furnished to do so, subject to","// the following conditions:","//","// The above copyright notice and this permission notice shall be","// included in all copies or substantial portions of the Software.","//","// THE SOFTWARE IS PROVIDED 'AS IS', WITHOUT WARRANTY OF ANY KIND,","// EXPRESS OR IMPLIED, INCLUDING BUT NOT LIMITED TO THE WARRANTIES OF","// MERCHANTABILITY, FITNESS FOR A PARTICULAR PURPOSE AND NONINFRINGEMENT.","// IN NO EVENT SHALL THE AUTHORS OR COPYRIGHT HOLDERS BE LIABLE FOR ANY","// CLAIM, DAMAGES OR OTHER LIABILITY, WHETHER IN AN ACTION OF CONTRACT,","// TORT OR OTHERWISE, ARISING FROM, OUT OF OR IN CONNECTION WITH THE","// SOFTWARE OR THE USE OR OTHER DEALINGS IN THE SOFTWARE.","//","","var baseobj = module.exports = require(\"./basicgen.js\");","","require(\"./genpptx.js\"); // Register the PPTX/PPSX support plugin.","require(\"./genxlsx.js\"); // Register the XLSX support plugin.","require(\"./gendocx.js\"); // Register the DOCX support plugin.","","var officegen_info = require('../package.json');","","baseobj.version = officegen_info.version;","",""],"l":{"31":1,"33":1,"34":1,"35":1,"37":1,"39":1}},"/home/travis/build/npmtest/node-npmtest-officegen-2/node_modules/officegen-2/lib/basicgen.js":{"path":"/home/travis/build/npmtest/node-npmtest-officegen-2/node_modules/officegen-2/lib/basicgen.js","s":{"1":1,"2":1,"3":1,"4":1,"5":1,"6":1,"7":1,"8":1,"9":1,"10":1,"11":1,"12":1,"13":1,"14":0,"15":0,"16":0,"17":0,"18":0,"19":0,"20":0,"21":0,"22":0,"23":0,"24":0,"25":0,"26":1,"27":0,"28":0,"29":1,"30":0,"31":1,"32":0,"33":0,"34":0,"35":0,"36":0,"37":0,"38":0,"39":0,"40":0,"41":0,"42":0,"43":0,"44":0,"45":0,"46":0,"47":0,"48":0,"49":0,"50":0,"51":0,"52":0,"53":0,"54":1,"55":0,"56":0,"57":0,"58":0,"59":0,"60":0,"61":0,"62":0,"63":0,"64":0,"65":0,"66":0,"67":0,"68":0,"69":0,"70":0,"71":0,"72":0,"73":0,"74":0,"75":0,"76":0,"77":0,"78":0,"79":0,"80":0,"81":0,"82":0,"83":0,"84":0,"85":0,"86":0,"87":0,"88":1,"89":0,"90":0,"91":0,"92":0,"93":0,"94":0,"95":0,"96":1,"97":0,"98":0,"99":0,"100":0,"101":0,"102":0,"103":0,"104":0,"105":0,"106":0,"107":0,"108":0,"109":0,"110":0,"111":0,"112":0,"113":0,"114":0,"115":0,"116":0,"117":0,"118":0,"119":0,"120":0,"121":0,"122":0,"123":0,"124":0,"125":0,"126":0,"127":0,"128":0,"129":0,"130":0,"131":0,"132":0,"133":0,"134":0,"135":0,"136":0,"137":0,"138":0,"139":0,"140":0,"141":0,"142":0,"143":0,"144":0,"145":0,"146":0,"147":0,"148":0,"149":0,"150":0,"151":0,"152":0,"153":1,"154":1,"155":0,"156":1,"157":0,"158":1,"159":6,"160":6,"161":6,"162":6,"163":6,"164":1,"165":2,"166":2,"167":2,"168":1,"169":0,"170":1,"171":0,"172":0,"173":0,"174":0,"175":1,"176":1,"177":1,"178":1,"179":1,"180":1,"181":1,"182":1,"183":1,"184":1},"b":{"1":[1,0],"2":[1,0],"3":[0,0],"4":[0,0],"5":[0,0],"6":[0,0],"7":[0,0],"8":[0,0],"9":[0,0],"10":[0,0],"11":[0,0],"12":[0,0],"13":[0,0],"14":[0,0],"15":[0,0],"16":[0,0],"17":[0,0,0],"18":[0,0],"19":[0,0],"20":[0,0],"21":[0,0],"22":[0,0],"23":[0,0],"24":[0,0],"25":[0,0],"26":[0,0],"27":[0,0],"28":[0,0],"29":[0,0,0,0,0],"30":[0,0],"31":[0,0],"32":[0,0,0],"33":[0,0],"34":[0,0],"35":[0,0],"36":[0,0],"37":[0,0],"38":[0,0],"39":[0,0],"40":[0,0],"41":[0,0],"42":[0,0],"43":[0,0],"44":[0,0]},"f":{"1":0,"2":0,"3":0,"4":0,"5":0,"6":0,"7":0,"8":0,"9":0,"10":0,"11":0,"12":0,"13":0,"14":0,"15":0,"16":0,"17":0,"18":0,"19":6,"20":2,"21":0,"22":0},"fnMap":{"1":{"name":"(anonymous_1)","line":72,"loc":{"start":{"line":72,"column":12},"end":{"line":72,"column":33}}},"2":{"name":"setOptions","line":106,"loc":{"start":{"line":106,"column":1},"end":{"line":106,"column":40}}},"3":{"name":"isObject","line":118,"loc":{"start":{"line":118,"column":2},"end":{"line":118,"column":28}}},"4":{"name":"keys","line":122,"loc":{"start":{"line":122,"column":2},"end":{"line":122,"column":25}}},"5":{"name":"setGeneratorType","line":169,"loc":{"start":{"line":169,"column":1},"end":{"line":169,"column":40}}},"6":{"name":"(anonymous_6)","line":202,"loc":{"start":{"line":202,"column":46},"end":{"line":202,"column":135}}},"7":{"name":"(anonymous_7)","line":241,"loc":{"start":{"line":241,"column":17},"end":{"line":241,"column":53}}},"8":{"name":"onArchiveError","line":270,"loc":{"start":{"line":270,"column":2},"end":{"line":270,"column":34}}},"9":{"name":"generateNextResource","line":291,"loc":{"start":{"line":291,"column":2},"end":{"line":292,"column":2}}},"10":{"name":"(anonymous_10)","line":340,"loc":{"start":{"line":340,"column":83},"end":{"line":340,"column":95}}},"11":{"name":"(anonymous_11)","line":349,"loc":{"start":{"line":349,"column":22},"end":{"line":349,"column":33}}},"12":{"name":"(anonymous_12)","line":353,"loc":{"start":{"line":353,"column":21},"end":{"line":353,"column":32}}},"13":{"name":"(anonymous_13)","line":359,"loc":{"start":{"line":359,"column":20},"end":{"line":359,"column":31}}},"14":{"name":"(anonymous_14)","line":364,"loc":{"start":{"line":364,"column":23},"end":{"line":364,"column":49}}},"15":{"name":"(anonymous_15)","line":387,"loc":{"start":{"line":387,"column":20},"end":{"line":387,"column":32}}},"16":{"name":"(anonymous_16)","line":413,"loc":{"start":{"line":413,"column":27},"end":{"line":413,"column":85}}},"17":{"name":"makegen","line":457,"loc":{"start":{"line":457,"column":0},"end":{"line":457,"column":29}}},"18":{"name":"setVerboseMode","line":469,"loc":{"start":{"line":469,"column":0},"end":{"line":469,"column":38}}},"19":{"name":"registerDocType","line":485,"loc":{"start":{"line":485,"column":0},"end":{"line":485,"column":85}}},"20":{"name":"registerPrototype","line":503,"loc":{"start":{"line":503,"column":0},"end":{"line":503,"column":62}}},"21":{"name":"getPrototypeByName","line":517,"loc":{"start":{"line":517,"column":0},"end":{"line":517,"column":41}}},"22":{"name":"registerParserType","line":534,"loc":{"start":{"line":534,"column":0},"end":{"line":534,"column":78}}}},"statementMap":{"1":{"start":{"line":31,"column":0},"end":{"line":31,"column":24}},"2":{"start":{"line":33,"column":0},"end":{"line":33,"column":25}},"3":{"start":{"line":34,"column":0},"end":{"line":34,"column":31}},"4":{"start":{"line":36,"column":0},"end":{"line":36,"column":84}},"5":{"start":{"line":39,"column":0},"end":{"line":39,"column":35}},"6":{"start":{"line":40,"column":0},"end":{"line":40,"column":23}},"7":{"start":{"line":41,"column":0},"end":{"line":41,"column":90}},"8":{"start":{"line":45,"column":0},"end":{"line":45,"column":31}},"9":{"start":{"line":47,"column":0},"end":{"line":47,"column":36}},"10":{"start":{"line":48,"column":0},"end":{"line":48,"column":33}},"11":{"start":{"line":49,"column":0},"end":{"line":49,"column":41}},"12":{"start":{"line":50,"column":0},"end":{"line":50,"column":42}},"13":{"start":{"line":72,"column":0},"end":{"line":437,"column":2}},"14":{"start":{"line":73,"column":1},"end":{"line":75,"column":2}},"15":{"start":{"line":74,"column":2},"end":{"line":74,"column":35}},"16":{"start":{"line":77,"column":1},"end":{"line":77,"column":35}},"17":{"start":{"line":85,"column":1},"end":{"line":85,"column":19}},"18":{"start":{"line":86,"column":1},"end":{"line":86,"column":22}},"19":{"start":{"line":88,"column":1},"end":{"line":88,"column":24}},"20":{"start":{"line":89,"column":1},"end":{"line":89,"column":27}},"21":{"start":{"line":90,"column":1},"end":{"line":90,"column":32}},"22":{"start":{"line":91,"column":1},"end":{"line":91,"column":41}},"23":{"start":{"line":94,"column":1},"end":{"line":94,"column":24}},"24":{"start":{"line":95,"column":1},"end":{"line":95,"column":28}},"25":{"start":{"line":97,"column":1},"end":{"line":97,"column":23}},"26":{"start":{"line":106,"column":1},"end":{"line":160,"column":2}},"27":{"start":{"line":107,"column":2},"end":{"line":107,"column":24}},"28":{"start":{"line":109,"column":2},"end":{"line":116,"column":4}},"29":{"start":{"line":118,"column":2},"end":{"line":120,"column":3}},"30":{"start":{"line":119,"column":3},"end":{"line":119,"column":49}},"31":{"start":{"line":122,"column":2},"end":{"line":128,"column":3}},"32":{"start":{"line":123,"column":3},"end":{"line":125,"column":4}},"33":{"start":{"line":124,"column":4},"end":{"line":124,"column":14}},"34":{"start":{"line":127,"column":3},"end":{"line":127,"column":30}},"35":{"start":{"line":130,"column":2},"end":{"line":130,"column":12}},"36":{"start":{"line":131,"column":2},"end":{"line":131,"column":24}},"37":{"start":{"line":132,"column":2},"end":{"line":132,"column":24}},"38":{"start":{"line":134,"column":2},"end":{"line":134,"column":23}},"39":{"start":{"line":135,"column":2},"end":{"line":135,"column":20}},"40":{"start":{"line":136,"column":2},"end":{"line":136,"column":31}},"41":{"start":{"line":138,"column":2},"end":{"line":157,"column":3}},"42":{"start":{"line":139,"column":3},"end":{"line":139,"column":30}},"43":{"start":{"line":141,"column":3},"end":{"line":156,"column":4}},"44":{"start":{"line":142,"column":4},"end":{"line":142,"column":22}},"45":{"start":{"line":143,"column":4},"end":{"line":143,"column":66}},"46":{"start":{"line":144,"column":4},"end":{"line":144,"column":48}},"47":{"start":{"line":146,"column":4},"end":{"line":155,"column":5}},"48":{"start":{"line":147,"column":5},"end":{"line":147,"column":32}},"49":{"start":{"line":149,"column":5},"end":{"line":154,"column":6}},"50":{"start":{"line":150,"column":6},"end":{"line":150,"column":38}},"51":{"start":{"line":152,"column":12},"end":{"line":154,"column":6}},"52":{"start":{"line":153,"column":6},"end":{"line":153,"column":65}},"53":{"start":{"line":159,"column":2},"end":{"line":159,"column":16}},"54":{"start":{"line":169,"column":1},"end":{"line":187,"column":2}},"55":{"start":{"line":170,"column":2},"end":{"line":170,"column":25}},"56":{"start":{"line":171,"column":2},"end":{"line":171,"column":20}},"57":{"start":{"line":173,"column":2},"end":{"line":186,"column":3}},"58":{"start":{"line":174,"column":3},"end":{"line":180,"column":4}},"59":{"start":{"line":175,"column":4},"end":{"line":179,"column":5}},"60":{"start":{"line":176,"column":5},"end":{"line":176,"column":143}},"61":{"start":{"line":177,"column":5},"end":{"line":177,"column":18}},"62":{"start":{"line":178,"column":5},"end":{"line":178,"column":11}},"63":{"start":{"line":182,"column":3},"end":{"line":185,"column":4}},"64":{"start":{"line":184,"column":4},"end":{"line":184,"column":63}},"65":{"start":{"line":202,"column":1},"end":{"line":220,"column":3}},"66":{"start":{"line":203,"column":2},"end":{"line":203,"column":18}},"67":{"start":{"line":205,"column":2},"end":{"line":205,"column":30}},"68":{"start":{"line":206,"column":2},"end":{"line":206,"column":28}},"69":{"start":{"line":207,"column":2},"end":{"line":207,"column":25}},"70":{"start":{"line":208,"column":2},"end":{"line":208,"column":27}},"71":{"start":{"line":209,"column":2},"end":{"line":209,"column":32}},"72":{"start":{"line":214,"column":4},"end":{"line":217,"column":40}},"73":{"start":{"line":215,"column":6},"end":{"line":215,"column":53}},"74":{"start":{"line":217,"column":6},"end":{"line":217,"column":40}},"75":{"start":{"line":219,"column":2},"end":{"line":219,"column":40}},"76":{"start":{"line":223,"column":1},"end":{"line":223,"column":29}},"77":{"start":{"line":241,"column":1},"end":{"line":380,"column":3}},"78":{"start":{"line":242,"column":2},"end":{"line":250,"column":3}},"79":{"start":{"line":243,"column":3},"end":{"line":245,"column":4}},"80":{"start":{"line":244,"column":4},"end":{"line":244,"column":47}},"81":{"start":{"line":247,"column":3},"end":{"line":249,"column":4}},"82":{"start":{"line":248,"column":4},"end":{"line":248,"column":41}},"83":{"start":{"line":252,"column":2},"end":{"line":256,"column":3}},"84":{"start":{"line":253,"column":3},"end":{"line":255,"column":4}},"85":{"start":{"line":254,"column":4},"end":{"line":254,"column":113}},"86":{"start":{"line":259,"column":2},"end":{"line":259,"column":43}},"87":{"start":{"line":261,"column":2},"end":{"line":261,"column":85}},"88":{"start":{"line":270,"column":2},"end":{"line":272,"column":3}},"89":{"start":{"line":271,"column":3},"end":{"line":271,"column":32}},"90":{"start":{"line":274,"column":2},"end":{"line":274,"column":41}},"91":{"start":{"line":276,"column":2},"end":{"line":284,"column":3}},"92":{"start":{"line":277,"column":3},"end":{"line":277,"column":30}},"93":{"start":{"line":278,"column":3},"end":{"line":278,"column":36}},"94":{"start":{"line":280,"column":3},"end":{"line":280,"column":51}},"95":{"start":{"line":283,"column":3},"end":{"line":283,"column":34}},"96":{"start":{"line":291,"column":2},"end":{"line":376,"column":3}},"97":{"start":{"line":293,"column":3},"end":{"line":293,"column":17}},"98":{"start":{"line":295,"column":3},"end":{"line":375,"column":4}},"99":{"start":{"line":296,"column":4},"end":{"line":360,"column":5}},"100":{"start":{"line":297,"column":5},"end":{"line":333,"column":6}},"101":{"start":{"line":300,"column":7},"end":{"line":300,"column":103}},"102":{"start":{"line":301,"column":7},"end":{"line":301,"column":13}},"103":{"start":{"line":305,"column":7},"end":{"line":305,"column":122}},"104":{"start":{"line":306,"column":7},"end":{"line":306,"column":13}},"105":{"start":{"line":310,"column":7},"end":{"line":310,"column":57}},"106":{"start":{"line":311,"column":7},"end":{"line":311,"column":13}},"107":{"start":{"line":315,"column":7},"end":{"line":315,"column":38}},"108":{"start":{"line":316,"column":7},"end":{"line":316,"column":68}},"109":{"start":{"line":317,"column":7},"end":{"line":317,"column":13}},"110":{"start":{"line":321,"column":7},"end":{"line":332,"column":8}},"111":{"start":{"line":322,"column":8},"end":{"line":331,"column":9}},"112":{"start":{"line":323,"column":9},"end":{"line":329,"column":11}},"113":{"start":{"line":330,"column":9},"end":{"line":330,"column":15}},"114":{"start":{"line":335,"column":5},"end":{"line":354,"column":6}},"115":{"start":{"line":336,"column":6},"end":{"line":338,"column":7}},"116":{"start":{"line":337,"column":7},"end":{"line":337,"column":131}},"117":{"start":{"line":340,"column":6},"end":{"line":350,"column":9}},"118":{"start":{"line":341,"column":7},"end":{"line":348,"column":10}},"119":{"start":{"line":346,"column":8},"end":{"line":346,"column":102}},"120":{"start":{"line":347,"column":8},"end":{"line":347,"column":34}},"121":{"start":{"line":349,"column":7},"end":{"line":349,"column":78}},"122":{"start":{"line":349,"column":35},"end":{"line":349,"column":74}},"123":{"start":{"line":353,"column":6},"end":{"line":353,"column":77}},"124":{"start":{"line":353,"column":34},"end":{"line":353,"column":73}},"125":{"start":{"line":359,"column":5},"end":{"line":359,"column":76}},"126":{"start":{"line":359,"column":33},"end":{"line":359,"column":72}},"127":{"start":{"line":364,"column":4},"end":{"line":374,"column":7}},"128":{"start":{"line":366,"column":5},"end":{"line":366,"column":59}},"129":{"start":{"line":368,"column":5},"end":{"line":370,"column":6}},"130":{"start":{"line":369,"column":6},"end":{"line":369,"column":29}},"131":{"start":{"line":372,"column":5},"end":{"line":372,"column":41}},"132":{"start":{"line":379,"column":2},"end":{"line":379,"column":29}},"133":{"start":{"line":387,"column":1},"end":{"line":399,"column":3}},"134":{"start":{"line":388,"column":2},"end":{"line":388,"column":16}},"135":{"start":{"line":390,"column":2},"end":{"line":392,"column":3}},"136":{"start":{"line":391,"column":3},"end":{"line":391,"column":63}},"137":{"start":{"line":391,"column":47},"end":{"line":391,"column":63}},"138":{"start":{"line":394,"column":2},"end":{"line":394,"column":90}},"139":{"start":{"line":394,"column":42},"end":{"line":394,"column":90}},"140":{"start":{"line":396,"column":2},"end":{"line":396,"column":31}},"141":{"start":{"line":398,"column":2},"end":{"line":398,"column":42}},"142":{"start":{"line":413,"column":1},"end":{"line":416,"column":3}},"143":{"start":{"line":415,"column":2},"end":{"line":415,"column":101}},"144":{"start":{"line":418,"column":1},"end":{"line":420,"column":2}},"145":{"start":{"line":419,"column":2},"end":{"line":419,"column":32}},"146":{"start":{"line":423,"column":1},"end":{"line":423,"column":64}},"147":{"start":{"line":425,"column":1},"end":{"line":427,"column":2}},"148":{"start":{"line":426,"column":2},"end":{"line":426,"column":46}},"149":{"start":{"line":429,"column":1},"end":{"line":431,"column":2}},"150":{"start":{"line":430,"column":2},"end":{"line":430,"column":49}},"151":{"start":{"line":434,"column":1},"end":{"line":436,"column":2}},"152":{"start":{"line":435,"column":2},"end":{"line":435,"column":43}},"153":{"start":{"line":439,"column":0},"end":{"line":439,"column":48}},"154":{"start":{"line":457,"column":0},"end":{"line":459,"column":1}},"155":{"start":{"line":458,"column":1},"end":{"line":458,"column":34}},"156":{"start":{"line":469,"column":0},"end":{"line":471,"column":1}},"157":{"start":{"line":470,"column":1},"end":{"line":470,"column":52}},"158":{"start":{"line":485,"column":0},"end":{"line":491,"column":1}},"159":{"start":{"line":486,"column":1},"end":{"line":486,"column":44}},"160":{"start":{"line":487,"column":1},"end":{"line":487,"column":63}},"161":{"start":{"line":488,"column":1},"end":{"line":488,"column":65}},"162":{"start":{"line":489,"column":1},"end":{"line":489,"column":54}},"163":{"start":{"line":490,"column":1},"end":{"line":490,"column":61}},"164":{"start":{"line":503,"column":0},"end":{"line":507,"column":1}},"165":{"start":{"line":504,"column":1},"end":{"line":504,"column":52}},"166":{"start":{"line":505,"column":1},"end":{"line":505,"column":65}},"167":{"start":{"line":506,"column":1},"end":{"line":506,"column":69}},"168":{"start":{"line":517,"column":0},"end":{"line":519,"column":1}},"169":{"start":{"line":518,"column":1},"end":{"line":518,"column":54}},"170":{"start":{"line":534,"column":0},"end":{"line":539,"column":1}},"171":{"start":{"line":535,"column":1},"end":{"line":535,"column":53}},"172":{"start":{"line":536,"column":1},"end":{"line":536,"column":72}},"173":{"start":{"line":537,"column":1},"end":{"line":537,"column":72}},"174":{"start":{"line":538,"column":1},"end":{"line":538,"column":70}},"175":{"start":{"line":541,"column":0},"end":{"line":541,"column":36}},"176":{"start":{"line":543,"column":0},"end":{"line":543,"column":23}},"177":{"start":{"line":544,"column":0},"end":{"line":544,"column":37}},"178":{"start":{"line":545,"column":0},"end":{"line":545,"column":18}},"179":{"start":{"line":546,"column":0},"end":{"line":546,"column":47}},"180":{"start":{"line":547,"column":0},"end":{"line":547,"column":51}},"181":{"start":{"line":548,"column":0},"end":{"line":548,"column":53}},"182":{"start":{"line":549,"column":0},"end":{"line":549,"column":53}},"183":{"start":{"line":550,"column":0},"end":{"line":550,"column":42}},"184":{"start":{"line":552,"column":0},"end":{"line":552,"column":69}}},"branchMap":{"1":{"line":36,"type":"binary-expr","locations":[{"start":{"line":36,"column":16},"end":{"line":36,"column":43}},{"start":{"line":36,"column":47},"end":{"line":36,"column":83}}]},"2":{"line":41,"type":"binary-expr","locations":[{"start":{"line":41,"column":18},"end":{"line":41,"column":47}},{"start":{"line":41,"column":51},"end":{"line":41,"column":89}}]},"3":{"line":73,"type":"if","locations":[{"start":{"line":73,"column":1},"end":{"line":73,"column":1}},{"start":{"line":73,"column":1},"end":{"line":73,"column":1}}]},"4":{"line":107,"type":"binary-expr","locations":[{"start":{"line":107,"column":11},"end":{"line":107,"column":17}},{"start":{"line":107,"column":21},"end":{"line":107,"column":23}}]},"5":{"line":119,"type":"binary-expr","locations":[{"start":{"line":119,"column":13},"end":{"line":119,"column":18}},{"start":{"line":119,"column":22},"end":{"line":119,"column":47}}]},"6":{"line":123,"type":"if","locations":[{"start":{"line":123,"column":3},"end":{"line":123,"column":3}},{"start":{"line":123,"column":3},"end":{"line":123,"column":3}}]},"7":{"line":141,"type":"if","locations":[{"start":{"line":141,"column":3},"end":{"line":141,"column":3}},{"start":{"line":141,"column":3},"end":{"line":141,"column":3}}]},"8":{"line":141,"type":"binary-expr","locations":[{"start":{"line":141,"column":7},"end":{"line":141,"column":15}},{"start":{"line":141,"column":19},"end":{"line":141,"column":47}}]},"9":{"line":143,"type":"binary-expr","locations":[{"start":{"line":143,"column":19},"end":{"line":143,"column":47}},{"start":{"line":143,"column":51},"end":{"line":143,"column":65}}]},"10":{"line":144,"type":"cond-expr","locations":[{"start":{"line":144,"column":28},"end":{"line":144,"column":43}},{"start":{"line":144,"column":46},"end":{"line":144,"column":47}}]},"11":{"line":149,"type":"if","locations":[{"start":{"line":149,"column":5},"end":{"line":149,"column":5}},{"start":{"line":149,"column":5},"end":{"line":149,"column":5}}]},"12":{"line":149,"type":"binary-expr","locations":[{"start":{"line":149,"column":9},"end":{"line":149,"column":45}},{"start":{"line":149,"column":49},"end":{"line":149,"column":70}}]},"13":{"line":152,"type":"if","locations":[{"start":{"line":152,"column":12},"end":{"line":152,"column":12}},{"start":{"line":152,"column":12},"end":{"line":152,"column":12}}]},"14":{"line":152,"type":"binary-expr","locations":[{"start":{"line":152,"column":16},"end":{"line":152,"column":39}},{"start":{"line":152,"column":43},"end":{"line":152,"column":68}}]},"15":{"line":173,"type":"if","locations":[{"start":{"line":173,"column":2},"end":{"line":173,"column":2}},{"start":{"line":173,"column":2},"end":{"line":173,"column":2}}]},"16":{"line":175,"type":"if","locations":[{"start":{"line":175,"column":4},"end":{"line":175,"column":4}},{"start":{"line":175,"column":4},"end":{"line":175,"column":4}}]},"17":{"line":175,"type":"binary-expr","locations":[{"start":{"line":175,"column":10},"end":{"line":175,"column":30}},{"start":{"line":175,"column":35},"end":{"line":175,"column":72}},{"start":{"line":175,"column":76},"end":{"line":175,"column":124}}]},"18":{"line":182,"type":"if","locations":[{"start":{"line":182,"column":3},"end":{"line":182,"column":3}},{"start":{"line":182,"column":3},"end":{"line":182,"column":3}}]},"19":{"line":214,"type":"if","locations":[{"start":{"line":214,"column":4},"end":{"line":214,"column":4}},{"start":{"line":214,"column":4},"end":{"line":214,"column":4}}]},"20":{"line":242,"type":"if","locations":[{"start":{"line":242,"column":2},"end":{"line":242,"column":2}},{"start":{"line":242,"column":2},"end":{"line":242,"column":2}}]},"21":{"line":243,"type":"if","locations":[{"start":{"line":243,"column":3},"end":{"line":243,"column":3}},{"start":{"line":243,"column":3},"end":{"line":243,"column":3}}]},"22":{"line":247,"type":"if","locations":[{"start":{"line":247,"column":3},"end":{"line":247,"column":3}},{"start":{"line":247,"column":3},"end":{"line":247,"column":3}}]},"23":{"line":252,"type":"if","locations":[{"start":{"line":252,"column":2},"end":{"line":252,"column":2}},{"start":{"line":252,"column":2},"end":{"line":252,"column":2}}]},"24":{"line":253,"type":"if","locations":[{"start":{"line":253,"column":3},"end":{"line":253,"column":3}},{"start":{"line":253,"column":3},"end":{"line":253,"column":3}}]},"25":{"line":261,"type":"cond-expr","locations":[{"start":{"line":261,"column":69},"end":{"line":261,"column":74}},{"start":{"line":261,"column":77},"end":{"line":261,"column":82}}]},"26":{"line":276,"type":"if","locations":[{"start":{"line":276,"column":2},"end":{"line":276,"column":2}},{"start":{"line":276,"column":2},"end":{"line":276,"column":2}}]},"27":{"line":295,"type":"if","locations":[{"start":{"line":295,"column":3},"end":{"line":295,"column":3}},{"start":{"line":295,"column":3},"end":{"line":295,"column":3}}]},"28":{"line":296,"type":"if","locations":[{"start":{"line":296,"column":4},"end":{"line":296,"column":4}},{"start":{"line":296,"column":4},"end":{"line":296,"column":4}}]},"29":{"line":297,"type":"switch","locations":[{"start":{"line":299,"column":6},"end":{"line":301,"column":13}},{"start":{"line":304,"column":6},"end":{"line":306,"column":13}},{"start":{"line":309,"column":6},"end":{"line":311,"column":13}},{"start":{"line":314,"column":6},"end":{"line":317,"column":13}},{"start":{"line":320,"column":6},"end":{"line":332,"column":8}}]},"30":{"line":305,"type":"binary-expr","locations":[{"start":{"line":305,"column":41},"end":{"line":305,"column":78}},{"start":{"line":305,"column":82},"end":{"line":305,"column":119}}]},"31":{"line":322,"type":"if","locations":[{"start":{"line":322,"column":8},"end":{"line":322,"column":8}},{"start":{"line":322,"column":8},"end":{"line":322,"column":8}}]},"32":{"line":322,"type":"binary-expr","locations":[{"start":{"line":322,"column":14},"end":{"line":322,"column":69}},{"start":{"line":322,"column":74},"end":{"line":322,"column":126}},{"start":{"line":322,"column":130},"end":{"line":322,"column":193}}]},"33":{"line":335,"type":"if","locations":[{"start":{"line":335,"column":5},"end":{"line":335,"column":5}},{"start":{"line":335,"column":5},"end":{"line":335,"column":5}}]},"34":{"line":336,"type":"if","locations":[{"start":{"line":336,"column":6},"end":{"line":336,"column":6}},{"start":{"line":336,"column":6},"end":{"line":336,"column":6}}]},"35":{"line":341,"type":"if","locations":[{"start":{"line":341,"column":7},"end":{"line":341,"column":7}},{"start":{"line":341,"column":7},"end":{"line":341,"column":7}}]},"36":{"line":346,"type":"binary-expr","locations":[{"start":{"line":346,"column":23},"end":{"line":346,"column":60}},{"start":{"line":346,"column":64},"end":{"line":346,"column":101}}]},"37":{"line":368,"type":"if","locations":[{"start":{"line":368,"column":5},"end":{"line":368,"column":5}},{"start":{"line":368,"column":5},"end":{"line":368,"column":5}}]},"38":{"line":391,"type":"if","locations":[{"start":{"line":391,"column":3},"end":{"line":391,"column":3}},{"start":{"line":391,"column":3},"end":{"line":391,"column":3}}]},"39":{"line":418,"type":"if","locations":[{"start":{"line":418,"column":1},"end":{"line":418,"column":1}},{"start":{"line":418,"column":1},"end":{"line":418,"column":1}}]},"40":{"line":425,"type":"if","locations":[{"start":{"line":425,"column":1},"end":{"line":425,"column":1}},{"start":{"line":425,"column":1},"end":{"line":425,"column":1}}]},"41":{"line":425,"type":"binary-expr","locations":[{"start":{"line":425,"column":6},"end":{"line":425,"column":20}},{"start":{"line":425,"column":24},"end":{"line":425,"column":44}}]},"42":{"line":429,"type":"if","locations":[{"start":{"line":429,"column":1},"end":{"line":429,"column":1}},{"start":{"line":429,"column":1},"end":{"line":429,"column":1}}]},"43":{"line":429,"type":"binary-expr","locations":[{"start":{"line":429,"column":6},"end":{"line":429,"column":20}},{"start":{"line":429,"column":24},"end":{"line":429,"column":44}}]},"44":{"line":434,"type":"if","locations":[{"start":{"line":434,"column":1},"end":{"line":434,"column":1}},{"start":{"line":434,"column":1},"end":{"line":434,"column":1}}]}},"code":["//","// officegen: basic common code","//","// Please refer to README.md for this module's documentations.","//","// NOTE:","// - Before changing this code please refer to the hacking the code section on README.md.","//","// Copyright (c) 2013 Ziv Barber;","//","// Permission is hereby granted, free of charge, to any person obtaining","// a copy of this software and associated documentation files (the","// 'Software'), to deal in the Software without restriction, including","// without limitation the rights to use, copy, modify, merge, publish,","// distribute, sublicense, and/or sell copies of the Software, and to","// permit persons to whom the Software is furnished to do so, subject to","// the following conditions:","//","// The above copyright notice and this permission notice shall be","// included in all copies or substantial portions of the Software.","//","// THE SOFTWARE IS PROVIDED 'AS IS', WITHOUT WARRANTY OF ANY KIND,","// EXPRESS OR IMPLIED, INCLUDING BUT NOT LIMITED TO THE WARRANTIES OF","// MERCHANTABILITY, FITNESS FOR A PARTICULAR PURPOSE AND NONINFRINGEMENT.","// IN NO EVENT SHALL THE AUTHORS OR COPYRIGHT HOLDERS BE LIABLE FOR ANY","// CLAIM, DAMAGES OR OTHER LIABILITY, WHETHER IN AN ACTION OF CONTRACT,","// TORT OR OTHERWISE, ARISING FROM, OUT OF OR IN CONNECTION WITH THE","// SOFTWARE OR THE USE OR OTHER DEALINGS IN THE SOFTWARE.","//","","require(\"setimmediate\"); // To be compatible with all versions of node.js","","var sys = require('sys');","var events = require('events');","","var Transform = require('stream').Transform || require('readable-stream/transform');","","// Used by generate:","var archiver = require('archiver');","var fs = require('fs');"
[...]
+ '.xml.rels', 'buffer', gen_private.pages[pageNumber].rels, gen_private.plugs.type.msoffice.cbMakeRels, false );\t\t","\t\treturn slideObj;","\t};","}","","var pptxSchema = {};","","baseobj.plugins.registerDocType ( 'pptx', makePptx, pptxSchema, baseobj.docType.PRESENTATION, \"Microsoft PowerPoint Document\" );","baseobj.plugins.registerDocType ( 'ppsx', makePptx, pptxSchema, baseobj.docType.PRESENTATION, \"Microsoft PowerPoint Slideshow Document\" );","",""],"l":{"30":1,"31":1,"32":1,"33":1,"35":1,"37":1,"39":1,"41":1,"42":0,"43":0,"50":1,"63":1,"72":1,"73":0,"74":0,"77":0,"78":0,"81":0,"82":0,"85":0,"86":0,"87":0,"90":0,"91":0,"95":0,"98":0,"108":1,"109":0,"134":1,"135":0,"146":1,"147":0,"158":1,"159":0,"170":1,"171":0,"173":0,"174":0,"177":0,"179":0,"180":0,"182":0,"183":0,"186":0,"188":0,"194":0,"205":1,"206":0,"217":1,"219":0,"220":0,"221":0,"222":0,"224":0,"225":0,"227":0,"229":0,"232":0,"235":0,"236":0,"237":0,"240":0,"241":0,"244":0,"245":0,"248":0,"249":0,"253":0,"256":0,"257":0,"261":0,"273":1,"274":0,"276":0,"277":0,"278":0,"279":0,"281":0,"283":0,"284":0,"287":0,"288":0,"291":0,"292":0,"295":0,"296":0,"298":0,"300":0,"303":0,"304":0,"308":0,"310":0,"314":0,"315":0,"317":0,"330":1,"331":0,"332":0,"335":0,"336":0,"337":0,"338":0,"339":0,"341":0,"342":0,"346":0,"349":0,"352":0,"353":0,"354":0,"357":0,"372":1,"373":0,"374":0,"377":0,"378":0,"381":0,"382":0,"385":0,"387":0,"388":0,"389":0,"390":0,"392":0,"393":0,"396":0,"397":0,"398":0,"401":0,"403":0,"404":0,"407":0,"408":0,"411":0,"414":0,"415":0,"418":0,"429":1,"430":0,"431":0,"432":0,"433":0,"434":0,"435":0,"436":0,"438":0,"439":0,"442":0,"443":0,"445":0,"447":0,"448":0,"449":0,"451":0,"452":0,"454":0,"455":0,"457":0,"458":0,"461":0,"462":0,"470":0,"475":0,"476":0,"486":1,"487":0,"489":0,"491":0,"492":0,"495":0,"496":0,"500":0,"501":0,"504":0,"509":0,"510":0,"513":0,"514":0,"517":0,"518":0,"521":0,"522":0,"525":0,"527":0,"528":0,"531":0,"535":0,"538":0,"549":1,"550":0,"551":0,"552":0,"554":0,"555":0,"558":0,"560":0,"561":0,"564":0,"567":0,"568":0,"569":0,"570":0,"571":0,"573":0,"574":0,"575":0,"576":0,"577":0,"578":0,"580":0,"581":0,"582":0,"583":0,"586":0,"590":0,"591":0,"592":0,"595":0,"599":0,"600":0,"603":0,"604":0,"607":0,"608":0,"611":0,"612":0,"615":0,"616":0,"617":0,"618":0,"622":0,"628":0,"630":0,"653":0,"655":0,"681":0,"684":0,"686":0,"698":0,"699":0,"700":0,"703":0,"704":0,"707":0,"709":0,"711":0,"713":0,"714":0,"715":0,"718":0,"721":0,"722":0,"724":0,"725":0,"730":0,"731":0,"733":0,"734":0,"737":0,"738":0,"741":0,"745":0,"748":0,"749":0,"750":0,"752":0,"753":0,"756":0,"757":0,"762":0,"763":0,"766":0,"768":0,"769":0,"770":0,"773":0,"774":0,"777":0,"778":0,"781":0,"782":0,"786":0,"787":0,"791":0,"792":0,"794":0,"795":0,"798":0,"799":0,"802":0,"803":0,"804":0,"806":0,"807":0,"808":0,"810":0,"811":0,"812":0,"817":0,"818":0,"819":0,"820":0,"823":0,"826":0,"827":0,"831":0,"832":0,"833":0,"835":0,"839":0,"843":0,"844":0,"848":0,"850":0,"851":0,"852":0,"854":0,"856":0,"858":0,"859":0,"860":0,"863":0,"866":0,"867":0,"868":0,"870":0,"871":0,"874":0,"875":0,"878":0,"882":0,"885":0,"887":0,"888":0,"891":0,"893":0,"894":0,"895":0,"896":0,"898":0,"899":0,"900":0,"903":0,"904":0,"907":0,"908":0,"911":0,"912":0,"916":0,"917":0,"920":0,"921":0,"925":0,"926":0,"928":0,"929":0,"932":0,"935":0,"940":0,"941":0,"942":0,"945":0,"946":0,"948":0,"949":0,"953":0,"955":0,"956":0,"959":0,"960":0,"971":1,"972":0,"973":0,"974":0,"976":0,"977":0,"980":0,"981":0,"990":1,"991":0,"993":0,"995":0,"997":0,"999":0,"1001":0,"1005":1,"1006":0,"1009":1,"1010":0,"1013":1,"1018":0,"1019":0,"1021":0,"1023":0,"1025":0,"1026":0,"1028":0,"1031":0,"1064":0,"1065":0,"1066":0,"1067":0,"1071":0,"1072":0,"1079":0,"1080":0,"1091":0,"1093":0,"1101":0,"1112":0,"1113":0,"1114":0,"1116":0,"1117":0,"1118":0,"1119":0,"1127":0,"1135":0,"1143":0,"1145":0,"1154":1,"1155":0,"1156":0,"1159":0,"1169":1,"1170":0,"1171":0,"1188":0,"1189":0,"1190":0,"1192":0,"1203":0,"1230":0,"1231":0,"1232":0,"1234":0,"1235":0,"1236":0,"1237":0,"1238":0,"1239":0,"1242":0,"1247":0,"1248":0,"1251":0,"1253":0,"1257":0,"1259":0,"1263":0,"1265":0,"1269":0,"1275":0,"1276":0,"1277":0,"1278":0,"1279":0,"1282":0,"1285":0,"1289":0,"1290":0,"1291":0,"1292":0,"1306":0,"1330":0,"1358":0,"1359":0,"1366":0,"1367":0,"1374":0,"1375":0,"1390":0,"1391":0,"1393":0,"1394":0,"1395":0,"1396":0,"1398":0,"1399":0,"1401":0,"1402":0,"1403":0,"1405":0,"1406":0,"1407":0,"1411":0,"1412":0,"1414":0,"1415":0,"1418":0,"1419":0,"1420":0,"1435":0,"1436":0,"1438":0,"1439":0,"1440":0,"1441":0,"1443":0,"1444":0,"1446":0,"1447":0,"1448":0,"1450":0,"1451":0,"1452":0,"1456":0,"1457":0,"1459":0,"1460":0,"1463":0,"1464":0,"1465":0,"1480":0,"1481":0,"1482":0,"1483":0,"1485":0,"1486":0,"1487":0,"1488":0,"1490":0,"1492":0,"1493":0,"1496":0,"1497":0,"1501":0,"1502":0,"1505":0,"1506":0,"1509":0,"1510":0,"1514":0,"1515":0,"1518":0,"1519":0,"1522":0,"1523":0,"1524":0,"1529":0,"1530":0,"1531":0,"1532":0,"1534":0,"1535":0,"1538":0,"1539":0,"1542":0,"1543":0,"1545":0,"1546":0,"1547":0,"1548":0,"1554":0,"1555":0,"1556":0,"1559":0,"1560":0,"1562":0,"1571":0,"1572":0,"1574":0,"1575":0,"1577":0,"1578":0,"1579":0,"1581":0,"1582":0,"1583":0,"1587":0,"1588":0,"1589":0,"1604":0,"1605":0,"1607":0,"1608":0,"1609":0,"1610":0,"1612":0,"1613":0,"1615":0,"1616":0,"1617":0,"1619":0,"1620":0,"1621":0,"1625":0,"1626":0,"1628":0,"1629":0,"1634":0,"1637":0,"1638":0,"1639":0,"1643":1,"1645":1,"1646":1}},"/home/travis/build/npmtest/node-npmtest-officegen-2/node_modules/officegen-2/lib/openofficegen.js":{"path":"/home/travis/build/npmtest/node-npmtest-officegen-2/node_modules/officegen-2/lib/openofficegen.js","s":{"1":1,"2":1,"3":0,"4":0,"5":0,"6":1,"7":0,"8":0,"9":0,"10":0,"11":0,"12":0,"13":0,"14":0,"15":0,"16":0,"17":0,"18":0,"19":0,"20":0,"21":0,"22":1,"23":1},"b":{"1":[0,0]},"f":{"1":0,"2":0,"3":0,"4":0,"5":0},"fnMap":{"1":{"name":"makeoodoc","line":44,"loc":{"start":{"line":44,"column":0},"end":{"line":44,"column":73}}},"2":{"name":"(anonymous_2)","line":53,"loc":{"start":{"line":53,"column":60},"end":{"line":53,"column":78}}},"3":{"name":"makeOpenOfficeMimeType","line":69,"loc":{"start":{"line":69,"column":1},"end":{"line":69,"column":42}}},"4":{"name":"(anonymous_4)","line":81,"loc":{"start":{"line":81,"column":50},"end":{"line":81,"column":68}}},"5":{"name":"(anonymous_5)","line":105,"loc":{"start":{"line":105,"column":57},"end":{"line":105,"column":88}}}},"statementMap":{"1":{"start":{"line":31,"column":0},"end":{"line":31,"column":39}},"2":{"start":{"line":44,"column":0},"end":{"line":139,"column":1}},"3":{"start":{"line":53,"column":1},"end":{"line":55,"column":2}},"4":{"start":{"line":54,"column":2},"end":{"line":54,"column":52}},"5":{"start":{"line":59,"column":1},"end":{"line":59,"column":40}},"6":{"start":{"line":69,"column":1},"end":{"line":71,"column":2}},"7":{"start":{"line":70,"column":2},"end":{"line":70,"column":85}},"8":{"start":{"line":81,"column":1},"end":{"line":94,"column":2}},"9":{"start":{"line":82,"column":2},"end":{"line":82,"column":84}},"10":{"start":{"line":83,"column":2},"end":{"line":83,"column":130}},"11":{"start":{"line":86,"column":2},"end":{"line":90,"column":3}},"12":{"start":{"line":87,"column":3},"end":{"line":89,"column":4}},"13":{"start":{"line":88,"column":4},"end":{"line":88,"column":132}},"14":{"start":{"line":92,"column":2},"end":{"line":92,"column":40}},"15":{"start":{"line":93,"column":2},"end":{"line":93,"column":19}},"16":{"start":{"line":105,"column":1},"end":{"line":138,"column":2}},"17":{"start":{"line":106,"column":2},"end":{"line":106,"column":49}},"18":{"start":{"line":107,"column":2},"end":{"line":107,"column":36}},"19":{"start":{"line":109,"column":2},"end":{"line":130,"column":4}},"20":{"start":{"line":132,"column":2},"end":{"line":132,"column":106}},"21":{"start":{"line":133,"column":2},"end":{"line":133,"column":165}},"22":{"start":{"line":141,"column":0},"end":{"line":141,"column":95}},"23":{"start":{"line":143,"column":0},"end":{"line":143,"column":30}}},"branchMap":{"1":{"line":87,"type":"if","locations":[{"start":{"line":87,"column":3},"end":{"line":87,"column":3}},{"start":{"line":87,"column":3},"end":{"line":87,"column":3}}]}},"code":["//","// officegen: basic OpenOffice common code","//","// Please refer to README.md for this module's documentations.","//","// NOTE:","// - Before changing this code please refer to the hacking the code section on README.md.","//","// Copyright (c) 2013 Ziv Barber;","//","// Permission is hereby granted, free of charge, to any person obtaining","// a copy of this software and associated documentation files (the","// 'Software'), to deal in the Software without restriction, including","// without limitation the rights to use, copy, modify, merge, publish,","// distribute, sublicense, and/or sell copies of the Software, and to","// permit persons to whom the Software is furnished to do so, subject to","// the following conditions:","//","// The above copyright notice and this permission notice shall be","// included in all copies or substantial portions of the Software.","//","// THE SOFTWARE IS PROVIDED 'AS IS', WITHOUT WARRANTY OF ANY KIND,","// EXPRESS OR IMPLIED, INCLUDING BUT NOT LIMITED TO THE WARRANTIES OF","// MERCHANTABILITY, FITNESS FOR A PARTICULAR PURPOSE AND NONINFRINGEMENT.","// IN NO EVENT SHALL THE AUTHORS OR COPYRIGHT HOLDERS BE LIABLE FOR ANY","// CLAIM, DAMAGES OR OTHER LIABILITY, WHETHER IN AN ACTION OF CONTRACT,","// TORT OR OTHERWISE, ARISING FROM, OUT OF OR IN CONNECTION WITH THE","// SOFTWARE OR THE USE OR OTHER DEALINGS IN THE SOFTWARE.","//","","var baseobj = require(\"./basicgen.js\");","","///","/// @brief Extend officegen object with OpenOffice support.","///","/// This method extending the given officegen object with the common OpenOffice code.","///","/// @param[in] genobj The object to extend.","/// @param[in] new_type The type of object to create.","/// @param[in] options The object's options.","/// @param[in] gen_private Access to the internals of this object.","/// @param[in] type_info Additional information about this type.","///","function makeoodoc ( genobj, new_type, options, gen_private, type_info ) {","\t///","\t/// @brief Get the string that opening every Office XML type.","\t///","\t/// Every OpenOffice XML resource will have this header at the begining of the file.","\t///","\t/// @param[in] data Ignored by this callback function.","\t/// @return Text string.","\t///","\tgen_private.plugs.type.openoffice.makeOpenOfficeBasicXml = function ( data ) {","\t\treturn '<?xml version=\"1.0\" encoding=\"UTF-8\"?>\\n';","\t}","","\t// Basic API for plugins:","","\tgen_private.plugs.type.openoffice = {};","","\t///","\t/// @brief Create the mimetpe resource.","\t///","\t/// Every OpenOffice based document must have this resource.","\t///","\t/// @param[in] data Ignored by this callback function.","\t/// @return Text string.","\t///","\tfunction makeOpenOfficeMimeType ( data ) {","\t\treturn 'application/vnd.oasis.opendocument.' + gen_private.mixed.res_data.mimeType;","\t}","","\t///","\t/// @brief Generate the manifest XML resource.","\t///","\t/// Tbis function creating the manifest resource.","\t///","\t/// @param[in] data Array filled with all the resources information.","\t/// @return Text string.","\t///","\tgen_private.plugs.type.openoffice.makeManifest = function ( data ) {","\t\tvar outString = gen_private.plugs.type.openoffice.makeOpenOfficeBasicXml ( data );","\t\toutString += '<manifest:manifest xmlns:manifest=\"urn:oasis:names:tc:opendocument:xmlns:manifest:1.0\" manifest:version=\"1.2\">\\n';","","\t\t// Add all the rels records inside the data array:","\t\tfor ( var i = 0, total_size = data.length; i < total_size; i++ ) {","\t\t\tif ( typeof data[i] != 'undefined' ) {","\t\t\t\toutString += ' <manifest:file-entry manifest:media-type=\"' + data[i].type + '\" manifest:full-path=\"' + data[i].target + '\"/>\\n';","\t\t\t} // Endif.","\t\t} // End of for loop.","","\t\toutString += '</manifest:manifest>\\n';","\t\treturn outString;","\t}","","\t///","\t/// @brief Prepare the officegen object to OpenOffice documents.","\t///","\t/// Every plugin that implementing gemenrating OpenOffice document must call this method to initialize ","\t/// the common stuff.","\t///","\t/// @param[in] mimeType The mime type of this document.","\t/// @param[in] ext_opt Optional settings (unused right now).","\t///","\tgen_private.plugs.type.openoffice.makeOfficeGenerator = function ( mimeType, ext_opt ) {","\t\tgen_private.mixed.res_data.mimeType = mimeType;","\t\tgen_private.mixed.files_list = [];","","\t\tgen_private.mixed.files_list.push (","\t\t\t{","\t\t\t\tname: 'content.xml',","\t\t\t\ttype: 'text/xml'","\t\t\t},","\t\t\t{","\t\t\t\tname: 'settings.xml',","\t\t\t\ttype: 'text/xml'","\t\t\t},","\t\t\t{","\t\t\t\tname: 'styles.xml',","\t\t\t\ttype: 'text/xml'","\t\t\t},","\t\t\t{","\t\t\t\tname: 'manifest.rdf',","\t\t\t\ttype: 'application/rdf+xml'","\t\t\t},","\t\t\t{","\t\t\t\tname: 'meta.xml',","\t\t\t\ttype: 'text/xml'","\t\t\t}","\t\t);","","\t\tgen_private.plugs.intAddAnyResourceToParse ( 'mimetype', 'buffer', null, makeOpenOfficeMimeType, true );","\t\tgen_private.plugs.intAddAnyResourceToParse ( 'META-INF\\\\manifest.xml', 'buffer', gen_private.mixed.rels_main, gen_private.plugs.type.openoffice.cbMakeRels, true );","\t\t// gen_private.plugs.intAddAnyResourceToParse ( 'settings.xml', 'buffer', null, make???, true );","\t\t// gen_private.plugs.intAddAnyResourceToParse ( 'styles.xml', 'buffer', null, make???, true );","\t\t// gen_private.plugs.intAddAnyResourceToParse ( 'manifest.rdf', 'buffer', null, make???, true );","\t\t// gen_private.plugs.intAddAnyResourceToParse ( 'meta.xml', 'buffer', null, make???, true );","\t}","}","","baseobj.plugins.registerPrototype ( 'openoffice', makeoodoc, 'OpenOffice Document Prototype' );","","exports.makeoodoc = makeoodoc;","",""],"l":{"31":1,"44":1,"53":0,"54":0,"59":0,"69":1,"70":0,"81":0,"82":0,"83":0,"86":0,"87":0,"88":0,"92":0,"93":0,"105":0,"106":0,"107":0,"109":0,"132":0,"133":0,"141":1,"143":1}},"/home/travis/build/npmtest/node-npmtest-officegen-2/node_modules/officegen-2/plugins/templates/types/genmymstype.js":{"path":"/home/travis/build/npmtest/node-npmtest-officegen-2/node_modules/officegen-2/plugins/templates/types/genmymstype.js","s":{"1":2,"2":0,"3":1,"4":0,"5":0,"6":0},"b":{},"f":{"1":0},"fnMap":{"1":{"name":"makeMyType","line":45,"loc":{"start":{"line":45,"column":0},"end":{"line":45,"column":74}}}},"statementMap":{"1":{"start":{"line":31,"column":0},"end":{"line":31,"column":39}},"2":{"start":{"line":32,"column":0},"end":{"line":32,"column":40}},"3":{"start":{"line":45,"column":0},"end":{"line":51,"column":1}},"4":{"start":{"line":47,"column":1},"end":{"line":47,"column":71}},"5":{"start":{"line":48,"column":1},"end":{"line":48,"column":66}},"6":{"start":{"line":53,"column":0},"end":{"line":53,"column":49}}},"branchMap":{},"code":["//","// officegen: All the code to generate ??? files.","//","// Please refer to README.md for this module's documentations.","//","// NOTE:","// - Before changing this code please refer to the hacking the code section on README.md.","//","// Copyright (c) 2013 ???;","//","// Permission is hereby granted, free of charge, to any person obtaining","// a copy of this software and associated documentation files (the","// 'Software'), to deal in the Software without restriction, including","// without limitation the rights to use, copy, modify, merge, publish,","// distribute, sublicense, and/or sell copies of the Software, and to","// permit persons to whom the Software is furnished to do so, subject to","// the following conditions:","//","// The above copyright notice and this permission notice shall be","// included in all copies or substantial portions of the Software.","//","// THE SOFTWARE IS PROVIDED 'AS IS', WITHOUT WARRANTY OF ANY KIND,","// EXPRESS OR IMPLIED, INCLUDING BUT NOT LIMITED TO THE WARRANTIES OF","// MERCHANTABILITY, FITNESS FOR A PARTICULAR PURPOSE AND NONINFRINGEMENT.","// IN NO EVENT SHALL THE AUTHORS OR COPYRIGHT HOLDERS BE LIABLE FOR ANY","// CLAIM, DAMAGES OR OTHER LIABILITY, WHETHER IN AN ACTION OF CONTRACT,","// TORT OR OTHERWISE, ARISING FROM, OUT OF OR IN CONNECTION WITH THE","// SOFTWARE OR THE USE OR OTHER DEALINGS IN THE SOFTWARE.","//","","var baseobj = require(\"./basicgen.js\");","var msdoc = require(\"./msofficegen.js\");","","///","/// @brief Extend officegen object with ??? support.","///","/// This method extending the given officegen object to create ??? document.","///","/// @param[in] genobj The object to extend.","/// @param[in] new_type The type of object to create.","/// @param[in] options The object's options.","/// @param[in] gen_private Access to the internals of this object.","/// @param[in] type_info Additional information about this type.","///","function makeMyType ( genobj, new_type, options, gen_private, type_info ) {","\t// Prepare genobj for MS-Office:","\tmsdoc.makemsdoc ( genobj, new_type, options, gen_private, type_info );","\tgen_private.plugs.makeOfficeGenerator ( 'mytype', 'mytype', {} );","","\t// ----- API for ??? documents: -----","}","","baseobj.registerDocType ( 'mytype', makeMyType );","",""],"l":{"31":2,"32":0,"45":1,"47":0,"48":0,"53":0}},"/home/travis/build/npmtest/node-npmtest-officegen-2/node_modules/officegen-2/plugins/templates/types/genmytype.js":{"path":"/home/travis/build/npmtest/node-npmtest-officegen-2/node_modules/officegen-2/plugins/templates/types/genmytype.js","s":{"1":2,"2":1,"3":0},"b":{},"f":{"1":0},"fnMap":{"1":{"name":"makeMyType","line":44,"loc":{"start":{"line":44,"column":0},"end":{"line":44,"column":74}}}},"statementMap":{"1":{"start":{"line":31,"column":0},"end":{"line":31,"column":35}},"2":{"start":{"line":44,"column":0},"end":{"line":46,"column":1}},"3":{"start":{"line":48,"column":0},"end":{"line":48,"column":49}}},"branchMap":{},"code":["//","// officegen: All the code to generate ??? files.","//","// Please refer to README.md for this module's documentations.","//","// NOTE:","// - Before changing this code please refer to the hacking the code section on README.md.","//","// Copyright (c) 2013 ???;","//","// Permission is hereby granted, free of charge, to any person obtaining","// a copy of this software and associated documentation files (the","// 'Software'), to deal in the Software without restriction, including","// without limitation the rights to use, copy, modify, merge, publish,","// distribute, sublicense, and/or sell copies of the Software, and to","// permit persons to whom the Software is furnished to do so, subject to","// the following conditions:","//","// The above copyright notice and this permission notice shall be","// included in all copies or substantial portions of the Software.","//","// THE SOFTWARE IS PROVIDED 'AS IS', WITHOUT WARRANTY OF ANY KIND,","// EXPRESS OR IMPLIED, INCLUDING BUT NOT LIMITED TO THE WARRANTIES OF","// MERCHANTABILITY, FITNESS FOR A PARTICULAR PURPOSE AND NONINFRINGEMENT.","// IN NO EVENT SHALL THE AUTHORS OR COPYRIGHT HOLDERS BE LIABLE FOR ANY","// CLAIM, DAMAGES OR OTHER LIABILITY, WHETHER IN AN ACTION OF CONTRACT,","// TORT OR OTHERWISE, ARISING FROM, OUT OF OR IN CONNECTION WITH THE","// SOFTWARE OR THE USE OR OTHER DEALINGS IN THE SOFTWARE.","//","","var baseobj = require(\"officegen\");","","///","/// @brief Extend officegen object with ??? support.","///","/// This method extending the given officegen object to create ??? document.","///","/// @param[in] genobj The object to extend.","/// @param[in] new_type The type of object to create.","/// @param[in] options The object's options.","/// @param[in] gen_private Access to the internals of this object.","/// @param[in] type_info Additional information about this type.","///","function makeMyType ( genobj, new_type, options, gen_private, type_info ) {","\t// ----- API for ??? documents: -----","}","","baseobj.registerDocType ( 'mytype', makeMyType );","",""],"l":{"31":2,"44":1,"48":0}}}